1.626565339830558e9
1.626565669914807e9
330.0842490196228
[ Info: Defining absense of feature x86_64_xsavec.
[ Info: Defining absense of feature x86_64_mpx.
[ Info: Defining absense of feature x86_64_xsaves.
[ Info: Defining absense of feature x86_64_avx512vnni.
[ Info: Defining absense of feature x86_64_clwb.
[ Info: Defining absense of feature x86_64_avx512f.
[ Info: Defining absense of feature x86_64_pku.
[ Info: Defining absense of feature x86_64_avx512bw.
[ Info: Defining absense of feature x86_64_clflushopt.
[ Info: Defining absense of feature x86_64_avx512vl.
[ Info: Defining absense of feature x86_64_avx512cd.
[ Info: Defining presence of feature x86_64_rtm.
[ Info: Defining absense of feature x86_64_avx512dq.
[ Info: Defining CPU name.
[ Info: Redefining cache 2.
[ Info: Redefining cache 3.
┌ Warning: Interrupted. Larger maxiters is needed.
└ @ SciMLBase ~/.julia/packages/SciMLBase/89t7c/src/integrator_interface.jl:328
┌ Warning: Interrupted. Larger maxiters is needed.
└ @ SciMLBase ~/.julia/packages/SciMLBase/89t7c/src/integrator_interface.jl:328
┌ Warning: Interrupted. Larger maxiters is needed.
└ @ SciMLBase ~/.julia/packages/SciMLBase/89t7c/src/integrator_interface.jl:328
┌ Warning: Interrupted. Larger maxiters is needed.
└ @ SciMLBase ~/.julia/packages/SciMLBase/89t7c/src/integrator_interface.jl:328
┌ Warning: Interrupted. Larger maxiters is needed.
└ @ SciMLBase ~/.julia/packages/SciMLBase/89t7c/src/integrator_interface.jl:328
┌ Warning: Interrupted. Larger maxiters is needed.
└ @ SciMLBase ~/.julia/packages/SciMLBase/89t7c/src/integrator_interface.jl:328
┌ Warning: Interrupted. Larger maxiters is needed.
└ @ SciMLBase ~/.julia/packages/SciMLBase/89t7c/src/integrator_interface.jl:328
┌ Warning: Interrupted. Larger maxiters is needed.
└ @ SciMLBase ~/.julia/packages/SciMLBase/89t7c/src/integrator_interface.jl:328
┌ Warning: Interrupted. Larger maxiters is needed.
└ @ SciMLBase ~/.julia/packages/SciMLBase/89t7c/src/integrator_interface.jl:328
┌ Warning: Interrupted. Larger maxiters is needed.
└ @ SciMLBase ~/.julia/packages/SciMLBase/89t7c/src/integrator_interface.jl:328
┌ Warning: Interrupted. Larger maxiters is needed.
└ @ SciMLBase ~/.julia/packages/SciMLBase/89t7c/src/integrator_interface.jl:328
┌ Warning: Interrupted. Larger maxiters is needed.
└ @ SciMLBase ~/.julia/packages/SciMLBase/89t7c/src/integrator_interface.jl:328
┌ Warning: Interrupted. Larger maxiters is needed.
└ @ SciMLBase ~/.julia/packages/SciMLBase/89t7c/src/integrator_interface.jl:328
┌ Warning: Interrupted. Larger maxiters is needed.
└ @ SciMLBase ~/.julia/packages/SciMLBase/89t7c/src/integrator_interface.jl:328
┌ Warning: Interrupted. Larger maxiters is needed.
└ @ SciMLBase ~/.julia/packages/SciMLBase/89t7c/src/integrator_interface.jl:328
