1.625413148494721e9
Any[0.006436817987939754, 9.896335236040076e-8, -0.003069416667627386, 0.0, 0.00035519188599118865, 0.0, -2.4913974670705446e-5, 0.0, 1.1463885031344341e-6, 0.0, -3.6378119407569296e-8, 0.0, 6.608466573782925e-10, 0.0, -1.403507677771712e-11, 0.0, 1.734196963449764e-13, 0.0, -1.7309802566583978e-15, 0.0, 1.4534059259942035e-17, 0.0, -7.729523828058996e-20, 0.0, 3.5213707201850323e-22, 0.0, -1.2643488767728745e-24, 0.0, 2.652200334535865e-27, 0.0, -1.4669896911222114e-30]1.625413153145321e9
4.650599956512451
[ Info: Defining absense of feature x86_64_prfchw.
[ Info: Defining absense of feature x86_64_bmi2.
[ Info: Defining absense of feature x86_64_xsavec.
[ Info: Defining absense of feature x86_64_mpx.
[ Info: Defining absense of feature x86_64_xsaves.
[ Info: Defining absense of feature x86_64_avx512vnni.
[ Info: Defining absense of feature x86_64_clwb.
[ Info: Defining absense of feature x86_64_avx512f.
[ Info: Defining absense of feature x86_64_pku.
[ Info: Defining absense of feature x86_64_rdseed.
[ Info: Defining absense of feature x86_64_avx512bw.
[ Info: Defining absense of feature x86_64_clflushopt.
[ Info: Defining absense of feature x86_64_avx512vl.
[ Info: Defining absense of feature x86_64_invpcid.
[ Info: Defining absense of feature x86_64_avx512cd.
[ Info: Defining absense of feature x86_64_fma.
[ Info: Defining absense of feature x86_64_bmi.
[ Info: Defining absense of feature x86_64_avx2.
[ Info: Defining absense of feature x86_64_lzcnt.
[ Info: Defining absense of feature x86_64_movbe.
[ Info: Defining absense of feature x86_64_avx512dq.
[ Info: Defining absense of feature x86_64_adx.
[ Info: Defining CPU name.
[ Info: Redefining cache 2.
[ Info: Redefining cache 3.
