1.626061640319265e9
Any[0.009595464305373887, -2.2507187757008003e-6, -0.018387913642901432, 0.0, 0.01605607959170039, 0.0, -0.012625060080676992, 0.0, 0.009224284327738318, 0.0, -0.0060764529046485, 0.0, 0.0037114887313783574, 0.0, -0.002144679678128747, 0.0, 0.0011144170272272859, 0.0, -0.00045487040222099405, 0.0, 0.00014464016686274256, 0.0, -3.0380991549339106e-5, 0.0, 4.910307159487386e-6, 0.0, -5.977409868430869e-7, 0.0, 3.7541667395463724e-8, 0.0, -7.903894110837943e-10]1.626062532452172e9
892.1329071521759
[ Info: Defining absense of feature x86_64_prfchw.
[ Info: Defining absense of feature x86_64_bmi2.
[ Info: Defining absense of feature x86_64_xsavec.
[ Info: Defining absense of feature x86_64_mpx.
[ Info: Defining absense of feature x86_64_xsaves.
[ Info: Defining absense of feature x86_64_avx512vnni.
[ Info: Defining absense of feature x86_64_clwb.
[ Info: Defining absense of feature x86_64_avx512f.
[ Info: Defining absense of feature x86_64_pku.
[ Info: Defining absense of feature x86_64_rdseed.
[ Info: Defining absense of feature x86_64_avx512bw.
[ Info: Defining absense of feature x86_64_clflushopt.
[ Info: Defining absense of feature x86_64_avx512vl.
[ Info: Defining absense of feature x86_64_invpcid.
[ Info: Defining absense of feature x86_64_avx512cd.
[ Info: Defining absense of feature x86_64_fma.
[ Info: Defining absense of feature x86_64_bmi.
[ Info: Defining absense of feature x86_64_avx2.
[ Info: Defining absense of feature x86_64_lzcnt.
[ Info: Defining absense of feature x86_64_movbe.
[ Info: Defining absense of feature x86_64_avx512dq.
[ Info: Defining absense of feature x86_64_adx.
[ Info: Defining CPU name.
[ Info: Redefining cache 2.
[ Info: Redefining cache 3.
