1.62605872477836e9
Any[0.001779321767158707, 6.865251644394264e-8, -0.003144796574835357, 0.0, 0.0021553831753373873, 0.0, -0.0011954927980184884, 0.0, 0.0005581546611896258, 0.0, -0.00020581489258209108, 0.0, 5.1522106706217076e-5, 0.0, -1.118811080985178e-5, 0.0, 1.5951597910900228e-6, 0.0, -1.758680863378388e-7, 0.0, 1.5787423746101812e-8, 0.0, -9.043913217687457e-10, 0.0, 4.299576276023844e-11, 0.0, -1.5896275251753877e-12, 0.0, 3.303191225779018e-14, 0.0, -1.9482357761502822e-16]1.626058811341648e9
86.56328821182251
[ Info: Defining absense of feature x86_64_prfchw.
[ Info: Defining absense of feature x86_64_bmi2.
[ Info: Defining absense of feature x86_64_fsgsbase.
[ Info: Defining absense of feature x86_64_xsavec.
[ Info: Defining absense of feature x86_64_mpx.
[ Info: Defining absense of feature x86_64_aes.
[ Info: Defining absense of feature x86_64_xsaves.
[ Info: Defining absense of feature x86_64_avx512vnni.
[ Info: Defining absense of feature x86_64_clwb.
[ Info: Defining absense of feature x86_64_avx512f.
[ Info: Defining absense of feature x86_64_pku.
[ Info: Defining absense of feature x86_64_rdseed.
[ Info: Defining absense of feature x86_64_avx512bw.
[ Info: Defining absense of feature x86_64_clflushopt.
[ Info: Defining absense of feature x86_64_xsave.
[ Info: Defining absense of feature x86_64_avx512vl.
[ Info: Defining absense of feature x86_64_invpcid.
[ Info: Defining absense of feature x86_64_avx512cd.
[ Info: Defining absense of feature x86_64_avx.
[ Info: Defining absense of feature x86_64_fma.
[ Info: Defining absense of feature x86_64_bmi.
[ Info: Defining absense of feature x86_64_rdrnd.
[ Info: Defining absense of feature x86_64_avx2.
[ Info: Defining absense of feature x86_64_lzcnt.
[ Info: Defining absense of feature x86_64_pclmul.
[ Info: Defining absense of feature x86_64_f16c.
[ Info: Defining absense of feature x86_64_movbe.
[ Info: Defining absense of feature x86_64_xsaveopt.
[ Info: Defining absense of feature x86_64_avx512dq.
[ Info: Defining absense of feature x86_64_adx.
[ Info: Defining CPU name.
[ Info: Redefining cache 2.
[ Info: Redefining cache 3.
