1.625382040071948e9
Any[0.00013489493885568372, -8.126873453046249e-9, -0.00024838900710011906, 0.0, 0.00019749592470031107, 0.0, -0.00013486417040397094, 0.0, 7.95450661875215e-5, 0.0, -4.266960112197507e-5, 0.0, 1.950660520820708e-5, 0.0, -7.068181903834039e-6, 0.0, 1.8467875948815065e-6, 0.0, -3.6438515555521644e-7, 0.0, 5.723135773629813e-8, 0.0, -5.778028943984932e-9, 0.0, 4.724825966413171e-10, 0.0, -2.974097051861461e-11, 0.0, 1.0230196793582168e-12, 0.0, -1.0542720579230305e-14]1.625382164166096e9
124.09414792060852
[ Info: Defining absense of feature x86_64_prfchw.
[ Info: Defining absense of feature x86_64_bmi2.
[ Info: Defining absense of feature x86_64_xsavec.
[ Info: Defining absense of feature x86_64_mpx.
[ Info: Defining absense of feature x86_64_xsaves.
[ Info: Defining absense of feature x86_64_avx512vnni.
[ Info: Defining absense of feature x86_64_clwb.
[ Info: Defining absense of feature x86_64_avx512f.
[ Info: Defining absense of feature x86_64_pku.
[ Info: Defining absense of feature x86_64_rdseed.
[ Info: Defining absense of feature x86_64_avx512bw.
[ Info: Defining absense of feature x86_64_clflushopt.
[ Info: Defining absense of feature x86_64_avx512vl.
[ Info: Defining absense of feature x86_64_invpcid.
[ Info: Defining absense of feature x86_64_avx512cd.
[ Info: Defining absense of feature x86_64_fma.
[ Info: Defining absense of feature x86_64_bmi.
[ Info: Defining absense of feature x86_64_avx2.
[ Info: Defining absense of feature x86_64_lzcnt.
[ Info: Defining absense of feature x86_64_movbe.
[ Info: Defining absense of feature x86_64_avx512dq.
[ Info: Defining absense of feature x86_64_adx.
[ Info: Defining CPU name.
[ Info: Redefining cache 2.
[ Info: Redefining cache 3.
