1.620538611847892e9
0.628318530711334055252593833711782758915360294543725233389288868737371106071381
0.628318530711334055252593833711782758915360294543725233389288868737371106071381
0.628318530711334055252593833711782758915360294543725233389288868737371106071381
0.628318530711334055252593833711782758915360294543725233389288868737371106071381
0.628318530711334055252593833711782758915360294543725233389288868737371106071381
0.628318530711334055252593833711782758915360294543725233389288868737371106071381
0.628318530711334055252593833711782758915360294543725233389288868737371106071381
0.628318530711334055252593833711782758915360294543725233389288868737371106071381
0.628318530711334055252593833711782758915360294543725233389288868737371106071381
0.628318530711334055252593833711782758915360294543725233389288868737371106071381
0.628318530711334055252593833711782758915360294543725233389288868737371106071381
0.628318530711334055252593833711782758915360294543725233389288868737371106071381
0.628318530711334055252593833711782758915360294543725233389288868737371106071381
0.628318530711334055252593833711782758915360294543725233389288868737371106071381
0.628318530711334055252593833711782758915360294543725233389288868737371106071381
0.628318530711334055252593833711782758915360294543725233389288868737371106071381
0.628318530711334055252593833711782758915360294543725233389288868737371106071381
0.628318530711334055252593833711782758915360294543725233389288868737371106071381
0.628318530711334055252593833711782758915360294543725233389288868737371106071381
0.628318530711334055252593833711782758915360294543725233389288868737371106071381
0.628318530711334055252593833711782758915360294543725233389288868737371106071381
0.628318530711334055252593833711782758915360294543725233389288868737371106071381
0.628318530711334055252593833711782758915360294543725233389288868737371106071381
0.628318530711334055252593833711782758915360294543725233389288868737371106071381
0.628318530711334055252593833711782758915360294543725233389288868737371106071381
0.628318530711334055252593833711782758915360294543725233389288868737371106071381
0.628318530711334055252593833711782758915360294543725233389288868737371106071381
0.628318530711334055252593833711782758915360294543725233389288868737371106071381
0.628318530711334055252593833711782758915360294543725233389288868737371106071381
0.628318530711334055252593833711782758915360294543725233389288868737371106071381
0.628318530711334055252593833711782758915360294543725233389288868737371106071381
0.628318530711334055252593833711782758915360294543725233389288868737371106071381
0.628318530711334055252593833711782758915360294543725233389288868737371106071381
0.628318530711334055252593833711782758915360294543725233389288868737371106071381
0.628318530711334055252593833711782758915360294543725233389288868737371106071381
0.628318530711334055252593833711782758915360294543725233389288868737371106071381
0.628318530711334055252593833711782758915360294543725233389288868737371106071381
0.628318530711334055252593833711782758915360294543725233389288868737371106071381
0.628318530711334055252593833711782758915360294543725233389288868737371106071381
0.628318530711334055252593833711782758915360294543725233389288868737371106071381
0.628318530711334055252593833711782758915360294543725233389288868737371106071381
0.628318530711334055252593833711782758915360294543725233389288868737371106071381
0.628318530711334055252593833711782758915360294543725233389288868737371106071381
0.628318530711334055252593833711782758915360294543725233389288868737371106071381
0.628318530711334055252593833711782758915360294543725233389288868737371106071381
0.628318530711334055252593833711782758915360294543725233389288868737371106071381
0.628318530711334055252593833711782758915360294543725233389288868737371106071381
0.628318530711334055252593833711782758915360294543725233389288868737371106071381
0.628318530711334055252593833711782758915360294543725233389288868737371106071381
0.628318530711334055252593833711782758915360294543725233389288868737371106071381
0.628318530711334055252593833711782758915360294543725233389288868737371106071381
0.628318530711334055252593833711782758915360294543725233389288868737371106071381
0.628318530711334055252593833711782758915360294543725233389288868737371106071381
0.628318530711334055252593833711782758915360294543725233389288868737371106071381
0.628318530711334055252593833711782758915360294543725233389288868737371106071381
0.628318530711334055252593833711782758915360294543725233389288868737371106071381
0.628318530711334055252593833711782758915360294543725233389288868737371106071381
0.628318530711334055252593833711782758915360294543725233389288868737371106071381
0.628318530711334055252593833711782758915360294543725233389288868737371106071381
0.628318530711334055252593833711782758915360294543725233389288868737371106071381
0.628318530711334055252593833711782758915360294543725233389288868737371106071381
0.628318530711334055252593833711782758915360294543725233389288868737371106071381
0.628318530711334055252593833711782758915360294543725233389288868737371106071381
0.628318530711334055252593833711782758915360294543725233389288868737371106071381
0.628318530711334055252593833711782758915360294543725233389288868737371106071381
0.628318530711334055252593833711782758915360294543725233389288868737371106071381
0.628318530711334055252593833711782758915360294543725233389288868737371106071381
0.628318530711334055252593833711782758915360294543725233389288868737371106071381
0.628318530711334055252593833711782758915360294543725233389288868737371106071381
0.628318530711334055252593833711782758915360294543725233389288868737371106071381
0.628318530711334055252593833711782758915360294543725233389288868737371106071381
0.628318530711334055252593833711782758915360294543725233389288868737371106071381
0.628318530711334055252593833711782758915360294543725233389288868737371106071381
0.628318530711334055252593833711782758915360294543725233389288868737371106071381
0.628318530711334055252593833711782758915360294543725233389288868737371106071381
0.628318530711334055252593833711782758915360294543725233389288868737371106071381
0.628318530711334055252593833711782758915360294543725233389288868737371106071381
0.628318530711334055252593833711782758915360294543725233389288868737371106071381
0.628318530711334055252593833711782758915360294543725233389288868737371106071381
0.628318530711334055252593833711782758915360294543725233389288868737371106071381
0.628318530711334055252593833711782758915360294543725233389288868737371106071381
0.628318530711334055252593833711782758915360294543725233389288868737371106071381
0.628318530711334055252593833711782758915360294543725233389288868737371106071381
0.628318530711334055252593833711782758915360294543725233389288868737371106071381
0.628318530711334055252593833711782758915360294543725233389288868737371106071381
0.628318530711334055252593833711782758915360294543725233389288868737371106071381
0.628318530711334055252593833711782758915360294543725233389288868737371106071381
0.628318530711334055252593833711782758915360294543725233389288868737371106071381
0.628318530711334055252593833711782758915360294543725233389288868737371106071381
0.628318530711334055252593833711782758915360294543725233389288868737371106071381
0.628318530711334055252593833711782758915360294543725233389288868737371106071381
0.628318530711334055252593833711782758915360294543725233389288868737371106071381
0.628318530711334055252593833711782758915360294543725233389288868737371106071381
0.628318530711334055252593833711782758915360294543725233389288868737371106071381
0.628318530711334055252593833711782758915360294543725233389288868737371106071381
0.628318530711334055252593833711782758915360294543725233389288868737371106071381
0.628318530711334055252593833711782758915360294543725233389288868737371106071381
0.628318530711334055252593833711782758915360294543725233389288868737371106071381
0.628318530711334055252593833711782758915360294543725233389288868737371106071381
0.628318530711334055252593833711782758915360294543725233389288868737371106071381
0.628318530711334055252593833711782758915360294543725233389288868737371106071381
0.628318530711334055252593833711782758915360294543725233389288868737371106071381
0.628318530711334055252593833711782758915360294543725233389288868737371106071381
0.628318530711334055252593833711782758915360294543725233389288868737371106071381
0.628318530711334055252593833711782758915360294543725233389288868737371106071381
0.628318530711334055252593833711782758915360294543725233389288868737371106071381
0.628318530711334055252593833711782758915360294543725233389288868737371106071381
0.628318530711334055252593833711782758915360294543725233389288868737371106071381
0.628318530711334055252593833711782758915360294543725233389288868737371106071381
0.628318530711334055252593833711782758915360294543725233389288868737371106071381
0.628318530711334055252593833711782758915360294543725233389288868737371106071381
0.628318530711334055252593833711782758915360294543725233389288868737371106071381
0.628318530711334055252593833711782758915360294543725233389288868737371106071381
0.628318530711334055252593833711782758915360294543725233389288868737371106071381
0.628318530711334055252593833711782758915360294543725233389288868737371106071381
0.628318530711334055252593833711782758915360294543725233389288868737371106071381
0.628318530711334055252593833711782758915360294543725233389288868737371106071381
0.628318530711334055252593833711782758915360294543725233389288868737371106071381
0.628318530711334055252593833711782758915360294543725233389288868737371106071381
0.628318530711334055252593833711782758915360294543725233389288868737371106071381
0.628318530711334055252593833711782758915360294543725233389288868737371106071381
0.628318530711334055252593833711782758915360294543725233389288868737371106071381
0.628318530711334055252593833711782758915360294543725233389288868737371106071381
0.628318530711334055252593833711782758915360294543725233389288868737371106071381
0.628318530711334055252593833711782758915360294543725233389288868737371106071381
0.628318530711334055252593833711782758915360294543725233389288868737371106071381
0.628318530711334055252593833711782758915360294543725233389288868737371106071381
0.628318530711334055252593833711782758915360294543725233389288868737371106071381
0.628318530711334055252593833711782758915360294543725233389288868737371106071381
0.628318530711334055252593833711782758915360294543725233389288868737371106071381
0.628318530711334055252593833711782758915360294543725233389288868737371106071381
0.628318530711334055252593833711782758915360294543725233389288868737371106071381
0.628318530711334055252593833711782758915360294543725233389288868737371106071381
0.628318530711334055252593833711782758915360294543725233389288868737371106071381
0.628318530711334055252593833711782758915360294543725233389288868737371106071381
0.628318530711334055252593833711782758915360294543725233389288868737371106071381
0.628318530711334055252593833711782758915360294543725233389288868737371106071381
0.628318530711334055252593833711782758915360294543725233389288868737371106071381
0.628318530711334055252593833711782758915360294543725233389288868737371106071381
0.628318530711334055252593833711782758915360294543725233389288868737371106071381
0.628318530711334055252593833711782758915360294543725233389288868737371106071381
0.628318530711334055252593833711782758915360294543725233389288868737371106071381
0.628318530711334055252593833711782758915360294543725233389288868737371106071381
0.628318530711334055252593833711782758915360294543725233389288868737371106071381
0.628318530711334055252593833711782758915360294543725233389288868737371106071381
0.628318530711334055252593833711782758915360294543725233389288868737371106071381
0.628318530711334055252593833711782758915360294543725233389288868737371106071381
0.628318530711334055252593833711782758915360294543725233389288868737371106071381
0.628318530711334055252593833711782758915360294543725233389288868737371106071381
0.628318530711334055252593833711782758915360294543725233389288868737371106071381
0.628318530711334055252593833711782758915360294543725233389288868737371106071381
0.628318530711334055252593833711782758915360294543725233389288868737371106071381
0.628318530711334055252593833711782758915360294543725233389288868737371106071381
0.628318530711334055252593833711782758915360294543725233389288868737371106071381
0.628318530711334055252593833711782758915360294543725233389288868737371106071381
0.628318530711334055252593833711782758915360294543725233389288868737371106071381
0.628318530711334055252593833711782758915360294543725233389288868737371106071381
0.628318530711334055252593833711782758915360294543725233389288868737371106071381
0.628318530711334055252593833711782758915360294543725233389288868737371106071381
0.628318530711334055252593833711782758915360294543725233389288868737371106071381
0.628318530711334055252593833711782758915360294543725233389288868737371106071381
0.628318530711334055252593833711782758915360294543725233389288868737371106071381
0.628318530711334055252593833711782758915360294543725233389288868737371106071381
0.628318530711334055252593833711782758915360294543725233389288868737371106071381
0.628318530711334055252593833711782758915360294543725233389288868737371106071381
0.628318530711334055252593833711782758915360294543725233389288868737371106071381
0.628318530711334055252593833711782758915360294543725233389288868737371106071381
0.628318530711334055252593833711782758915360294543725233389288868737371106071381
0.628318530711334055252593833711782758915360294543725233389288868737371106071381
0.628318530711334055252593833711782758915360294543725233389288868737371106071381
0.628318530711334055252593833711782758915360294543725233389288868737371106071381
0.628318530711334055252593833711782758915360294543725233389288868737371106071381
0.628318530711334055252593833711782758915360294543725233389288868737371106071381
0.628318530711334055252593833711782758915360294543725233389288868737371106071381
0.628318530711334055252593833711782758915360294543725233389288868737371106071381
0.628318530711334055252593833711782758915360294543725233389288868737371106071381
0.628318530711334055252593833711782758915360294543725233389288868737371106071381
0.628318530711334055252593833711782758915360294543725233389288868737371106071381
0.628318530711334055252593833711782758915360294543725233389288868737371106071381
0.628318530711334055252593833711782758915360294543725233389288868737371106071381
0.628318530711334055252593833711782758915360294543725233389288868737371106071381
0.628318530711334055252593833711782758915360294543725233389288868737371106071381
0.628318530711334055252593833711782758915360294543725233389288868737371106071381
0.628318530711334055252593833711782758915360294543725233389288868737371106071381
0.628318530711334055252593833711782758915360294543725233389288868737371106071381
0.628318530711334055252593833711782758915360294543725233389288868737371106071381
0.628318530711334055252593833711782758915360294543725233389288868737371106071381
0.628318530711334055252593833711782758915360294543725233389288868737371106071381
0.628318530711334055252593833711782758915360294543725233389288868737371106071381
0.628318530711334055252593833711782758915360294543725233389288868737371106071381
0.628318530711334055252593833711782758915360294543725233389288868737371106071381
0.628318530711334055252593833711782758915360294543725233389288868737371106071381
0.628318530711334055252593833711782758915360294543725233389288868737371106071381
0.628318530711334055252593833711782758915360294543725233389288868737371106071381
0.628318530711334055252593833711782758915360294543725233389288868737371106071381
0.628318530711334055252593833711782758915360294543725233389288868737371106071381
0.628318530711334055252593833711782758915360294543725233389288868737371106071381
0.628318530711334055252593833711782758915360294543725233389288868737371106071381
0.628318530711334055252593833711782758915360294543725233389288868737371106071381
0.628318530711334055252593833711782758915360294543725233389288868737371106071381
0.628318530711334055252593833711782758915360294543725233389288868737371106071381
0.628318530711334055252593833711782758915360294543725233389288868737371106071381
0.628318530711334055252593833711782758915360294543725233389288868737371106071381
0.628318530711334055252593833711782758915360294543725233389288868737371106071381
0.628318530711334055252593833711782758915360294543725233389288868737371106071381
0.628318530711334055252593833711782758915360294543725233389288868737371106071381
0.628318530711334055252593833711782758915360294543725233389288868737371106071381
0.628318530711334055252593833711782758915360294543725233389288868737371106071381
0.628318530711334055252593833711782758915360294543725233389288868737371106071381
0.628318530711334055252593833711782758915360294543725233389288868737371106071381
0.628318530711334055252593833711782758915360294543725233389288868737371106071381
0.628318530711334055252593833711782758915360294543725233389288868737371106071381
0.628318530711334055252593833711782758915360294543725233389288868737371106071381
0.628318530711334055252593833711782758915360294543725233389288868737371106071381
0.628318530711334055252593833711782758915360294543725233389288868737371106071381
0.628318530711334055252593833711782758915360294543725233389288868737371106071381
0.628318530711334055252593833711782758915360294543725233389288868737371106071381
0.628318530711334055252593833711782758915360294543725233389288868737371106071381
0.628318530711334055252593833711782758915360294543725233389288868737371106071381
0.628318530711334055252593833711782758915360294543725233389288868737371106071381
0.628318530711334055252593833711782758915360294543725233389288868737371106071381
0.628318530711334055252593833711782758915360294543725233389288868737371106071381
0.628318530711334055252593833711782758915360294543725233389288868737371106071381
0.628318530711334055252593833711782758915360294543725233389288868737371106071381
0.628318530711334055252593833711782758915360294543725233389288868737371106071381
0.628318530711334055252593833711782758915360294543725233389288868737371106071381
0.628318530711334055252593833711782758915360294543725233389288868737371106071381
0.628318530711334055252593833711782758915360294543725233389288868737371106071381
0.628318530711334055252593833711782758915360294543725233389288868737371106071381
0.628318530711334055252593833711782758915360294543725233389288868737371106071381
0.628318530711334055252593833711782758915360294543725233389288868737371106071381
0.628318530711334055252593833711782758915360294543725233389288868737371106071381
0.628318530711334055252593833711782758915360294543725233389288868737371106071381
0.628318530711334055252593833711782758915360294543725233389288868737371106071381
0.628318530711334055252593833711782758915360294543725233389288868737371106071381
0.628318530711334055252593833711782758915360294543725233389288868737371106071381
0.628318530711334055252593833711782758915360294543725233389288868737371106071381
0.628318530711334055252593833711782758915360294543725233389288868737371106071381
0.628318530711334055252593833711782758915360294543725233389288868737371106071381
0.628318530711334055252593833711782758915360294543725233389288868737371106071381
0.628318530711334055252593833711782758915360294543725233389288868737371106071381
0.628318530711334055252593833711782758915360294543725233389288868737371106071381
0.628318530711334055252593833711782758915360294543725233389288868737371106071381
0.628318530711334055252593833711782758915360294543725233389288868737371106071381
0.628318530711334055252593833711782758915360294543725233389288868737371106071381
0.628318530711334055252593833711782758915360294543725233389288868737371106071381
0.628318530711334055252593833711782758915360294543725233389288868737371106071381
0.628318530711334055252593833711782758915360294543725233389288868737371106071381
0.628318530711334055252593833711782758915360294543725233389288868737371106071381
0.628318530711334055252593833711782758915360294543725233389288868737371106071381
0.628318530711334055252593833711782758915360294543725233389288868737371106071381
0.6283184903316843372675331558738417038795585228746210906867765173682295107547802
0.6283184499520346192824722185312183911349521890062293837808657434814880863186535
0.6283184095723849012974110216839294980646375816812498678631011942356019390394831
0.6283183691927351833123495653319917020517109896424894773292401219953584408692954
0.6283183288130854653272878494754216804792687016328623257723643823585342968193644
0.6283182884334357473422258741142361107304070063953897059759924321825526122996204
0.6283182480537860293571636392484516701882221926732000899071913276111399604138849
0.6283182076741363113721011448780850362358105492095291287096887221009834492107404
0.6283181672944865933870383910031528862562683647477196526969848644483877888901846
0.6283181269148368754019753776236718976326919280312216713454645968159323589660404
0.628318086535187157416912104739658747748177527803592373287509352759128275384028
0.6283180461555374394318485723511301139858214528084961263046091552530754575956119
0.6283180057758877214467847804581026737287199917897044773204746147191196955876033
0.6283179653962380034617207290605931043599694334910961523941489270515097168674867
0.6283179250165882854766564181586180832626660666566570567131198716440542534044156
0.6283178846369385674915918477521942878199061800304802745864318094167791085260175
0.6283178442572888495065270178413383954147860623567660694377976808425842237709215
0.6283178038776391315214619284260670834304020023798218837987110039739007456969991
0.6283177634979894135363965795063970292498502888440623393015578724693480926453105
0.6283177231183396955513309710823449102562272104940092366727289536203910214598766
0.62831768273868997756626510315392740383262905607429155572573148637799669416307
0.6283176423590402595811989757211611873621521143296454553543012793792917445868319
0.6283176019793905415961325887840629382278926740049142735255147089742193449595766
0.6283175615997408236110659423426493338129470238450485272729007172521962724488359
0.6283175212200911056259990363969370515004114525951059126895528100687699756596173
0.6283174808404413876409318709469427686733822490002513049212410550722756410885793
0.6283174404607916696558644459926831627149557018057567581595240797304932595337996
0.6283174000811419516707967615341749110082280997570015056348610693573046924604472
0.6283173597014922336857288175714346909362957315994719596097237651393507383220124
0.6283173193218425157006606141044791798822548860787617113717084621626881988373979
0.628317278942192797715592151133325055229201851940571531226648007439446945223697
0.6283172385625430797305234286579889943602329179307093684917237979344869843847124
0.6283171981828933617454544466784876746584443727950903514885777785920555250551875
0.6283171578032436437603852051948377735069325052797367875364244403624440439008129
0.628317117423593925775315704207055968288793604130778162945162818228645351573912
0.6283170770439442077902459437151589363871239580944511430084884892330106587249171
0.6283170366642944898051759237191633551850198559170995719970055705039066419695604
0.6283169962846447718201056442190859020655775863451744731513387172823725098117438
0.628316955904995053835035105214943254411893438125234048675245120948777068522234
0.6283169155253453358499643067067520896070637000039436797287265070494757879730293
0.628316875145695617864893248694529085034184660728075926421141133323467867427474
0.6283168347660458998798219311782909180763526090445105278043157877290533012861121
0.6283167943863961818947503541580542661166638337002344018656577864704899447882817
0.6283167540067464639096785176338358065382146234423416455212669720246505796694136
0.6283167136270967459246064216056522167241012670180335346090477111676799797740957
0.6283166732474470279395340660735201740574200531746185238818208930016519766248596
0.6283166328677973099544614510374563559212672706595122470004359269812265249466814
0.6283165924881475919693885764974774396987392082202375165268827409403067681472393
0.6283165521084978739843154424536001027729321546044243239174037791186961037529271
0.6283165117288481559992420489058410225269423985598098395156060001887552488005401
0.628316471349198438014168395854216876343866228834238412545572875282059305184742
0.6283164309695487200290944832987443416067999341756615711049763860160548249612554
0.6283163905898990020440203112394400956988398033321380221581890225207168756057309
0.6283163502102492840589458796763208160030821250518336515293957814652061052285112
0.6283163098305995660738711886094031799026231880830215238957061640845258077449109
0.6283162694509498480887962380387038647805592811740818827802661742061789880013563
0.6283162290713001301037210279642395480199866930735021505453703162768254268573168
0.6283161886916504121186455583860269070040017125298769283855735933889387462227685
0.6283161483120006941335698293040826191157006282919079963208035053074634740516399
0.628316107932350976148493840718423361738179729108404313189472046496472109290763
0.6283160675527012581634175926290658122545353037282820166415877041458221867847292
0.6283160271730515401783410850360266480478636409005644231318674561978133421363979
0.6283159867934018221932643179393225465012610293743820279128487693738443765231271
0.6283159464137521042081872913389701849978237578989725050280015972010703214687707
0.6283159060341023862231100052349862409206481152236807073048403780390595035714229
0.6283158656544526682380324596273873916528303900979586663480360331064506091868596
0.6283158252748029502529546545161903145774668712713655925325279645076097490677194
0.6283157848951532322678765899014116870776538474935678749966360532592875229584502
0.6283157445155035142827982657830681865364876075143390816351726573172760841459519
0.6283157041358537962977196821611764903370644400835599590925546096030662039659422
0.6283156637562040783126408390357532758624806339512184327559152160305043362651386
0.6283156233765543603275617364068152204958324778674096067482162535324496818190605
0.6283155829969046423424823742743790016202162605823357639213599680874312527056647
0.6283155426172549243574027526384612966187282708463063658493010727463049366346439
0.6283155022376052063723228714990787828744647974097380528211587456589105612324723
0.6283154618579554883872427308562481377705221290231546438343286281007289582832525
0.6283154214783057704021623307099860386899965544371871365875948224995390279251715
0.6283153810986560524170816710603091630159843624025737074742418904620748028028181
0.6283153407190063344320007519072341881315818416701597115751668508006825121751525
0.6283153003393566164469195732507777914198852809908976826519911775599776459792341
0.6283152599597068984618381350909566502639909691158473331401727980435020188496791
0.6283152195800571804767564374277874420469951947961755541421180908403808340938416
0.6283151792004074624916744802612868441519942467831564154202938838519797476227848
0.6283151388207577445065922635914715339620844138281711653903394523185619318379156
0.6283150984411080265215097874183581888603619846827082311141785168459451394733575
0.6283150580614583085364270517419634862299232480983632182931312414321587673941248
0.6283150176818085905513440565623041034538644928268389112610262314941009203499575
0.6283149773021588725662608018793967179152820076199452729773125318941954746849054
0.6283149369225091545811772876932580069972720812295994450201716249670491420026949
0.6283148965428594365960935140039046480829310024078257475796294285461085327877655
0.6283148561632097186110094808113533185553550599067556794506682939903172199820904
0.6283148157835600006259251881156206957976405424786279180263390042107728025176582
0.6283147754039102826408406359167234571928837388757883192908727716973839688047977
0.6283147350242605646557558242146782801241809378506899178127932365455275601761394
0.6283146946446108466706707530095018419746284281558929267380284644827056342863593
0.6283146542649611286855854223012108201273224985440647377830229448952025284676542
0.6283146138853114107004998320898218919653594377679799212278495888547419230409039
0.6283145735056616927154139823753517348718355345805202259093217271451439045826516
0.6283145331260119747303278731578170262298470777346745792141051082889820291477288
0.6283144927463622567452415044372344434224903559835390870718298965742403854477147
0.628314452366712538760154876213620663832861658080317033948202670080970657984971
0.6283144119870628207750679884869923648440572727783188828381184187079491901426324
0.6283143716074131027899808412573662238391734888309622752587725421993340472301123
0.6283143312277633848048934345247589182013065949917720312427728481713220794844604
0.6283142908481136668198057682891871253135528800143801493312515501388059850274769
0.6283142504684639488347178425506675225590086326525258065669772655420313727784628
0.6283142100888142308496296573092167873207701416600553584874670137732538253227624
0.6283141697091645128645412125648515969819336957909223391180982142033959617360699
0.6283141293295147948794525083175886289255955837991874609652206842087045003643905
0.62831408894986507689436354456744456053485209443901861500926863719740732155981
0.6283140485702153589092743213144360691927995164646908706978726806363705303719515
0.6283140081905656409241848385585798322825341386305864759389718140777555191951642
0.6283139678109159229390950962998925271871522496911948570939254271856760303715026
0.6283139274312662049540050945383908312897501384011126189706252977628552187493511
0.6283138870516164869689148332740914219734240935150435448166075897772827141978916
0.6283138466719667689838243125070109766212704037877985963121648513888716840771638
0.6283138062923170509987335322371661726163853579742959135634580129761158956640206
0.6283137659126673330136424924645736873418652448295608150956283851627467785336595
0.6283137255330176150285511931892501981808063531087257978459096568443904868970311
0.6283136851533678970434596344112123825163049715670305371567398932152249618938755
0.6283136447737181790583678161304769177314573889598218867688735337946369938415414
0.6283136043940684610732757383470604812093598940425538788144933904538792844395274
0.6283135640144187430881834010609797503331087755707877238103226454427275089297543
0.6283135236347690251030908042722514024858003223001918106507368494161373782125776
0.62831348325511930711799794798089211505053082298654170660087591946090170091853
0.6283134428754695891329048321869185654103965663857201572897561371223074454358129
0.6283134024958198711478114568903474309484938412537170867033821464307928018935018
0.6283133621161701531627178220911953890479189363466295971778589519286042441004559
0.6283133217365204351776239277894791170917681404206619693925039166964535914400546
0.628313281356870717192529773985215292463137742232125662362958760380175070720578
0.6283132409772209992074353606784205925451240305374393134343015572173823779813622
0.6283132005975712812223406878691116947208232940931287382741587340641257402546504
0.6283131602179215632372457555573052763733318216558269308658170684215489772832704
0.6283131198382718452521505637430180148857459019822740635013356864625465631939136
0.6283130794586221272670551124262665876411618238293174867746580610584206881262657
0.6283130390789724092819594016070676720226758759539117295747240098055383198177904
0.6283129986993226912968634312854379454133843471131184990785816930519882651443057
0.6283129583196729733117672014613940851963835260641066807444996119242382316162377
0.6283129179400232553266707121349527687547697015641523383050786063537918888306758
0.628312877560373537341573963306130673471639162370638713760363853103845929879081
0.628312837180723819356476954974944476730088197241056227370956863795947132710802
0.6283127968010741013713796871414108559132130949330024776511274829366494214522633
0.6283127564214243833862821598055464884041101442041822413619258859441709276819604
0.6283127160417746654011843729673680515858756338124074735042945771750510516611186
0.62831267566212494741608632662689222284160585251559730731218038795080752352009
0.6283126352824752294309880207841356795543970890717780542456464745845934644005687
0.6283125949028255114458894554391150991073456322390832039839843164078544475534157
0.6283125545231757934607906305918471588835477707757534244188257137969855593923101
0.6283125141435260754756915462423485362660997934401365616472547861999884605031225
0.6283124737638763574905922023906359086380979889906876399649199701631284466089502
0.6283124333842266395054925990367259533826386461859688618591460173575915094909959
0.6283123930045769215203927361806353478828180537846496080020459926061413978650994
0.6283123526249272035352926138223807695217325005455064372436332719097766782140093
0.6283123122452774855501922319619788956824782752274230866049335404743877955754546
0.6283122718656277675650915905994464037481516665893904712710967907374141342858605
0.6283122314859780495799906897347999711018489633905066845845093203945010786798569
0.6283121911063283315948895293680562751266664543899769980379057304261570737455075
0.6283121507266786136097881094992319932057004283471138612674809231244106857352628
0.6283121103470288956246864301283438027220471740213369020460021001194676627326609
0.6283120699673791776395844912554083810588029801721729262759207604063679951747499
0.6283120295877294596544822928804424055990641355592559179824846983716429763302426
0.6283119892080797416693798350034625537259269289423270393068500018199722627334184
0.6283119488284300236842771176244855028224876490812346304991930500008409345737827
0.6283119084487803056991741407435279302718425847359342099118225116351965560413622
0.6283118680691305877140709043606065134570880246664884739922913429421062356278431
0.6283118276894808697289674084757379297613202576330672972765087856654136863834324
0.6283117873098311517438636530889388565676355723959477323818523651003962861293629
0.6283117469301814337587596382002259712591302577155140100002798881204221376262339
0.6283117065505317157736553638096159512189006023522575388914414412036071286980039
0.6283116661708819977885508299171254738300428950667769058757913884594719923118107
0.6283116257912322798034460365227712164756534246197778758277003696555993666134092
0.6283115854115825618183409836265698565388284797720733916685672982442908549184872
0.6283115450319328438332356712285380714026643492845835743599313593892240856595315
0.6283115046522831258481300993286925384502573219183357228965840079921097722886225
0.6283114642726334078630242679270499350647036864344643142996809667193487731358054
0.6283114238929836898779181770236269386290997315942110036098542240286891512233128
0.6283113835133339718928118266184402265265417461589246238803240321958832340354058
0.6283113431336842539077052167115064761401260188900611861700109053413446732440853
0.6283113027540345359225983473028423648529488385491838795366476174568055043903946
0.628311262374384817937491218392464570048106493897963071029891200431973206521575
0.6283112219947350999523838299803897691086952736981763056844349420811877617838835
0.6283111816150853819672761820666346394178114667117083065131203841700787149711661
0.6283111412354356639821682746512158583585513617005509745000493204422222330291722
0.6283111008557859459970601077341501033140112474268033885936957946457981645155905
0.6283110604761362280119516813154540516672874126526718057000180985602470990158075
0.6283110200964865100268429953951443808014761461404696606755707700229274265144661
0.6283109797168367920417340499732377680996737366526175663206165909557723967226516
0.6283109393371870740566248450497508909449764729516433133722385853919471783609122
0.6283108989575373560715153806247004267204806438001818704974520175025059183979502
0.6283108585778876380864056566981030528092825379609753842863163896230488012450442
0.6283108181982379201012956732699754465944784441968731792450474402803791079063056
0.628310777818588202116185430340334285459164651270831757789129142219160275084468
0.6283107374389384841310749279091962467864374479459148002364257004285729542426664
0.6283106970592887661459641659765780079593931229852931648002935501689720706217313
0.6283106566796390481608531445424962463611279651522448875826933549985438822133181
0.6283106162999893301757418636069676393747382632101551825673020047999630386888009
0.6283105759203396121906303231700088643833203059225164416126246138070496402837777
0.6283105355406898942055185232316365987699703820529282344451065186314262966384526
0.6283104951610401762204064637918675199177847803650973086522452762891751855936887
0.6283104547813904582352941448507183052098597896228375896757026622274951119427057
0.6283104144017407402501815664082056320292916985900701808044166683513585661387158
0.6283103740220910222650687284643461777591767960308233631677135010501687829581006
0.628310333642441304279955631019156619782611370709232595728419579224416800119431
0.6283102932627915862948422740726536354826917113895405152759735323123385168581582
0.628310252883141868309728657624853902242514106836096936419538198316571752457087
0.6283102125034921503246147816757740974451748458133588515811126218308133047325804
0.6283101721238424323395006462254308984737702170858904309886440520664760084764431
0.6283101317441927143543862512738409827113965094183630226691399408793457938536313
0.6283100913645429963692715968210210275411500115755551524417799407962387447555727
0.6283100509848932783841566828669877103461270123223525239110279030416581571093548
0.6283100106052435603990415094117577085094238004237480184597438755644515971425506
0.6283099702255938424139260764553476994141366646448416952422961010644679596038344
0.6283099298459441244288103839977743604433618937508407911776730150192145259392779
0.6283098894662944064436944320390543689801957765070597209425952437105140224244369
0.628309849086644688458578220579204402407734601678920076964627602251161678252126
0.6283098087069949704734617496182411381090746580319506294152910926115822835759682
0.62830976832734525248834501915618125346731223433178732620317490164648724750964
0.6283097279476955345032280291930414258655436193441732929670483991215316560818824
0.6283096875680458165181107797288383326868651018349588330689731357399713301472173
0.6283096471883960985329932707635886513143729705701014275874148411693198832524288
0.6283096068087463805478755022973090591311635143156657353103554220680057794587591
0.6283095664290966625627574743300162335203330218378235927284049601120293911197999
0.6283095260494469445776391868617268518649777819028540140279137100216200566152363
0.6283094856697972265925206398924575915481940832771431910840840975878931380401836
0.6283094452901475086074018334222251299530782147271844934540827176995070788503755
0.6283094049104977906222827674510461444627264650195784683701523323693204614629716
0.6283093645308480726371634419789373124602351229210328407327238687610490648131815
0.6283093241511983546520438570059153113287004771983625131035284172159229218666816
0.6283092837715486366669240125319968184512188166184895656987092292793433770875281
0.6283092433918989186818039085571985112108864299484432563819337157275401438621222
0.628309203012249200696683545081537066990799605955360020657505444594228361878663
0.628309162632599482711562922105029163174054633406483471663476139197265654462419
0.6283091222529497647264420396276914771437478010691644001647576761653091858667641
0.6283090818733000467413208976495406862829753977108607745462340834644727185199197
0.6283090414936503287561994961705934679748337120991377408058735384249836702274269
0.6283090011140006107710778351908664996024190330016676225478403657678401713303241
0.6283089607343508927859559147103764585488276491862299209756070356314681218191426
0.6283089203547011748008337347291400221971558494207113148850661615983782484035542
0.6283088799750514568157112952471738679304999224731056606576424987218231615377942
0.6283088395954017388305885962644946731319561571115139922534049415524544124017802
0.6283087992157520208454656377811191151846208421041445212041785221649795498380483
0.6283087588361023028603424197970638714715902662193126366066564081848191772443082
0.628308718456452584875218942312345619375960718225440905115511900814764009421833
0.6283086780768028668900952053269810362808284868910590709365104328616319293795106
0.6283086376971531489049712088409867995692898609848040558196215667629250450937127
0.6283085973175034309198469528543795866244411292754199590521309926134867462237741
0.628308556937853712934722437367176074829378580531758057451752526192158760783323
0.6283085165582039949495976623793929415671985035227768053597401069884382117673092
0.62830847617855427696447262789104686422099718701754183463399979622913467373471
1.620538628059315e9
16.21142292022705
