1.625380546196343e9
[ Info: Defining absense of feature x86_64_xsavec.
[ Info: Defining absense of feature x86_64_mpx.
[ Info: Defining absense of feature x86_64_xsaves.
[ Info: Defining absense of feature x86_64_avx512vnni.
[ Info: Defining absense of feature x86_64_clwb.
[ Info: Defining absense of feature x86_64_avx512f.
[ Info: Defining absense of feature x86_64_pku.
[ Info: Defining absense of feature x86_64_avx512bw.
[ Info: Defining absense of feature x86_64_clflushopt.
[ Info: Defining absense of feature x86_64_avx512vl.
[ Info: Defining absense of feature x86_64_avx512cd.
[ Info: Defining presence of feature x86_64_rtm.
[ Info: Defining absense of feature x86_64_avx512dq.
[ Info: Defining CPU name.
[ Info: Redefining cache 2.
[ Info: Redefining cache 3.
ERROR: LoadError: type Array has no field data
Stacktrace:
 [1] getproperty(::Array{Complex{Float64},1}, ::Symbol) at ./Base.jl:33
 [2] (::var"#infidelity_polar#2"{var"#evaluator#5"{Ket{SpinBasis{1//2,Int64},Array{Complex{Float64},1}},Float64,Float64,Float64,Float64,StepRange{Int64,Int64}},typeof(gaussian_spin_profile)})(::Float64, ::Float64) at /users/smith/anpo0771/repos/singlesite/mwe2.jl:95
 [3] top-level scope at /users/smith/anpo0771/repos/singlesite/mwe2.jl:220
 [4] include(::Function, ::Module, ::String) at ./Base.jl:380
 [5] include(::Module, ::String) at ./Base.jl:368
 [6] exec_options(::Base.JLOptions) at ./client.jl:296
 [7] _start() at ./client.jl:506
in expression starting at /users/smith/anpo0771/repos/singlesite/mwe2.jl:220
Any[0.0013746055657755983, -9.557849451247852e-8, -0.0025264929597312432, 0.0, 0.0019959441877917925, 0.0, -0.0013437178011485305, 0.0, 0.0007823534830011239, 0.0, -0.00041255162407412955, 0.0, 0.00018173953771220694, 0.0, -6.354078426140647e-5, 0.0, 1.5878747139166198e-5, 0.0, -3.000994534530657e-6, 0.0, 4.523380425652643e-7]