1.625382379832346e9
Any[1.348949388556837e-5, -8.126873453046251e-10, -2.4838900710011897e-5, 0.0, 1.9749592470031105e-5, 0.0, -1.3486417040397095e-5, 0.0, 7.954506618752147e-6, 0.0, -4.266960112197507e-6, 0.0, 1.9506605208207078e-6, 0.0, -7.068181903834039e-7, 0.0, 1.8467875948815065e-7, 0.0, -3.643851555552165e-8, 0.0, 5.7231357736298126e-9, 0.0, -5.778028943984933e-10, 0.0, 4.724825966413171e-11, 0.0, -2.9740970518614604e-12, 0.0, 1.0230196793582166e-13, 0.0, -1.0542720579230305e-15]1.625383459205912e9
1079.3735661506653
[ Info: Defining absense of feature x86_64_prfchw.
[ Info: Defining absense of feature x86_64_bmi2.
[ Info: Defining absense of feature x86_64_xsavec.
[ Info: Defining absense of feature x86_64_mpx.
[ Info: Defining absense of feature x86_64_xsaves.
[ Info: Defining absense of feature x86_64_avx512vnni.
[ Info: Defining absense of feature x86_64_clwb.
[ Info: Defining absense of feature x86_64_avx512f.
[ Info: Defining absense of feature x86_64_pku.
[ Info: Defining absense of feature x86_64_rdseed.
[ Info: Defining absense of feature x86_64_avx512bw.
[ Info: Defining absense of feature x86_64_clflushopt.
[ Info: Defining absense of feature x86_64_avx512vl.
[ Info: Defining absense of feature x86_64_invpcid.
[ Info: Defining absense of feature x86_64_avx512cd.
[ Info: Defining absense of feature x86_64_fma.
[ Info: Defining absense of feature x86_64_bmi.
[ Info: Defining absense of feature x86_64_avx2.
[ Info: Defining absense of feature x86_64_lzcnt.
[ Info: Defining absense of feature x86_64_movbe.
[ Info: Defining absense of feature x86_64_avx512dq.
[ Info: Defining absense of feature x86_64_adx.
[ Info: Defining CPU name.
[ Info: Redefining cache 2.
[ Info: Redefining cache 3.
