1.626116246788655e9
[ Info: Defining absense of feature x86_64_prfchw.
[ Info: Defining absense of feature x86_64_bmi2.
[ Info: Defining absense of feature x86_64_xsavec.
[ Info: Defining absense of feature x86_64_mpx.
[ Info: Defining absense of feature x86_64_xsaves.
[ Info: Defining absense of feature x86_64_avx512vnni.
[ Info: Defining absense of feature x86_64_clwb.
[ Info: Defining absense of feature x86_64_avx512f.
[ Info: Defining absense of feature x86_64_pku.
[ Info: Defining absense of feature x86_64_rdseed.
[ Info: Defining absense of feature x86_64_avx512bw.
[ Info: Defining absense of feature x86_64_clflushopt.
[ Info: Defining absense of feature x86_64_avx512vl.
[ Info: Defining absense of feature x86_64_invpcid.
[ Info: Defining absense of feature x86_64_avx512cd.
[ Info: Defining absense of feature x86_64_fma.
[ Info: Defining absense of feature x86_64_bmi.
[ Info: Defining absense of feature x86_64_avx2.
[ Info: Defining absense of feature x86_64_lzcnt.
[ Info: Defining absense of feature x86_64_movbe.
[ Info: Defining absense of feature x86_64_avx512dq.
[ Info: Defining absense of feature x86_64_adx.
[ Info: Defining CPU name.
[ Info: Redefining cache 2.
[ Info: Redefining cache 3.
ERROR: LoadError: MethodError: no method matching transpose(::Ket{SpinBasis{1//2,Int64},Array{Complex{Float64},1}})
Closest candidates are:
  transpose(!Matched::Missing) at missing.jl:100
  transpose(!Matched::LightGraphs.DefaultDistance) at /users/smith/anpo0771/.julia/packages/LightGraphs/IgJif/src/distance.jl:21
  transpose(!Matched::VectorizationBase.AbstractSIMDVector) at /users/smith/anpo0771/.julia/packages/VectorizationBase/3ho1W/src/VectorizationBase.jl:162
  ...
Stacktrace:
 [1] fidelity(::Ket{SpinBasis{1//2,Int64},Array{Complex{Float64},1}}, ::Ket{SpinBasis{1//2,Int64},Array{Complex{Float64},1}}) at /users/smith/anpo0771/repos/singlesite/mwe3.jl:76
 [2] (::var"#infidelity_polar#2"{var"#evaluator#7"{Ket{SpinBasis{1//2,Int64},Array{Complex{Float64},1}},Array{BigFloat,1},BigFloat,Float64,Float64,SpinBasis{1//2,Int64},StepRange{Int64,Int64}},typeof(gaussian_spin_profile)})(::Float64, ::Float64) at /users/smith/anpo0771/repos/singlesite/mwe3.jl:102
 [3] top-level scope at /users/smith/anpo0771/repos/singlesite/mwe3.jl:249
 [4] include(::Function, ::Module, ::String) at ./Base.jl:380
 [5] include(::Module, ::String) at ./Base.jl:368
 [6] exec_options(::Base.JLOptions) at ./client.jl:296
 [7] _start() at ./client.jl:506
in expression starting at /users/smith/anpo0771/repos/singlesite/mwe3.jl:249
