1.626058293028793e9
[ Info: Defining absense of feature x86_64_xsavec.
[ Info: Defining absense of feature x86_64_mpx.
[ Info: Defining absense of feature x86_64_xsaves.
[ Info: Defining absense of feature x86_64_avx512vnni.
[ Info: Defining absense of feature x86_64_clwb.
[ Info: Defining absense of feature x86_64_avx512f.
[ Info: Defining absense of feature x86_64_pku.
[ Info: Defining absense of feature x86_64_avx512bw.
[ Info: Defining absense of feature x86_64_clflushopt.
[ Info: Defining absense of feature x86_64_avx512vl.
[ Info: Defining absense of feature x86_64_avx512cd.
[ Info: Defining presence of feature x86_64_rtm.
[ Info: Defining absense of feature x86_64_avx512dq.
[ Info: Defining CPU name.
[ Info: Redefining cache 2.
[ Info: Redefining cache 3.
ERROR: LoadError: MethodError: Cannot `convert` an object of type Array{BigFloat,1} to an object of type Complex{Float64}
Closest candidates are:
  convert(::Type{T}, !Matched::ArrayInterface.StaticInt{N}) where {T<:Number, N} at /users/smith/anpo0771/.julia/packages/ArrayInterface/UHmDX/src/static.jl:22
  convert(::Type{T}, !Matched::VectorizationBase.LazyMulAdd{M,O,I}) where {M, O, I, T<:Number} at /users/smith/anpo0771/.julia/packages/VectorizationBase/3ho1W/src/lazymul.jl:20
  convert(::Type{T}, !Matched::T) where T<:Number at number.jl:6
  ...
Stacktrace:
 [1] setindex!(::Array{Complex{Float64},1}, ::Array{BigFloat,1}, ::Int64) at ./array.jl:847
 [2] timeevolve(::Float64, ::Array{Complex{Float64},1}, ::var"#H#6"{Float64,Array{Any,1},Int64,Float64,Float64,Float64}; step::Float64) at /users/smith/anpo0771/repos/singlesite/mwe2.jl:102
 [3] timeevolve(::Float64, ::Array{Complex{Float64},1}, ::Function) at /users/smith/anpo0771/repos/singlesite/mwe2.jl:102
 [4] (::var"#evaluator#5"{Ket{SpinBasis{1//2,Int64},Array{Complex{Float64},1}},Float64,Float64,Float64,Float64,StepRange{Int64,Int64}})(::Float64, ::Float64) at /users/smith/anpo0771/repos/singlesite/mwe2.jl:135
 [5] (::var"#infidelity_polar#2"{var"#evaluator#5"{Ket{SpinBasis{1//2,Int64},Array{Complex{Float64},1}},Float64,Float64,Float64,Float64,StepRange{Int64,Int64}},typeof(gaussian_spin_profile)})(::Float64, ::Float64) at /users/smith/anpo0771/repos/singlesite/mwe2.jl:94
 [6] top-level scope at /users/smith/anpo0771/repos/singlesite/mwe2.jl:222
 [7] include(::Function, ::Module, ::String) at ./Base.jl:380
 [8] include(::Module, ::String) at ./Base.jl:368
 [9] exec_options(::Base.JLOptions) at ./client.jl:296
 [10] _start() at ./client.jl:506
in expression starting at /users/smith/anpo0771/repos/singlesite/mwe2.jl:222
Any[0.003525225574115165, 4.2253605843955464e-8, -0.004254345464478672, 0.0, 0.0014807069991130545, 0.0, -0.00033677487262883093, 0.0, 5.159526813902118e-5, 0.0, -5.452137801293322e-6, 0.0, 3.3887517828636226e-7, 0.0, -2.272968830079655e-8, 0.0, 9.128094331890261e-10, 0.0, -2.9297529822832783e-11, 0.0, 7.849449595790158e-13, 0.0, -1.3342222362466729e-14, 0.0, 1.928429367658541e-16, 0.0, -2.1898920698525125e-18, 0.0, 1.4394567167236687e-20, 0.0, -2.539117774253839e-23]