1.62647010492874e9
1.626470374761416e9
269.8326759338379
[ Info: Defining absense of feature x86_64_prfchw.
[ Info: Defining absense of feature x86_64_bmi2.
[ Info: Defining absense of feature x86_64_xsavec.
[ Info: Defining absense of feature x86_64_mpx.
[ Info: Defining absense of feature x86_64_xsaves.
[ Info: Defining absense of feature x86_64_avx512vnni.
[ Info: Defining absense of feature x86_64_clwb.
[ Info: Defining absense of feature x86_64_avx512f.
[ Info: Defining absense of feature x86_64_pku.
[ Info: Defining absense of feature x86_64_rdseed.
[ Info: Defining absense of feature x86_64_avx512bw.
[ Info: Defining absense of feature x86_64_clflushopt.
[ Info: Defining absense of feature x86_64_avx512vl.
[ Info: Defining absense of feature x86_64_invpcid.
[ Info: Defining absense of feature x86_64_avx512cd.
[ Info: Defining absense of feature x86_64_fma.
[ Info: Defining absense of feature x86_64_bmi.
[ Info: Defining absense of feature x86_64_avx2.
[ Info: Defining absense of feature x86_64_lzcnt.
[ Info: Defining absense of feature x86_64_movbe.
[ Info: Defining absense of feature x86_64_avx512dq.
[ Info: Defining absense of feature x86_64_adx.
[ Info: Defining CPU name.
[ Info: Redefining cache 2.
[ Info: Redefining cache 3.
┌ Warning: Interrupted. Larger maxiters is needed.
└ @ SciMLBase ~/.julia/packages/SciMLBase/89t7c/src/integrator_interface.jl:328
┌ Warning: Interrupted. Larger maxiters is needed.
└ @ SciMLBase ~/.julia/packages/SciMLBase/89t7c/src/integrator_interface.jl:328
┌ Warning: Interrupted. Larger maxiters is needed.
└ @ SciMLBase ~/.julia/packages/SciMLBase/89t7c/src/integrator_interface.jl:328
┌ Warning: Interrupted. Larger maxiters is needed.
└ @ SciMLBase ~/.julia/packages/SciMLBase/89t7c/src/integrator_interface.jl:328
┌ Warning: Interrupted. Larger maxiters is needed.
└ @ SciMLBase ~/.julia/packages/SciMLBase/89t7c/src/integrator_interface.jl:328
┌ Warning: Interrupted. Larger maxiters is needed.
└ @ SciMLBase ~/.julia/packages/SciMLBase/89t7c/src/integrator_interface.jl:328
┌ Warning: Interrupted. Larger maxiters is needed.
└ @ SciMLBase ~/.julia/packages/SciMLBase/89t7c/src/integrator_interface.jl:328
┌ Warning: Interrupted. Larger maxiters is needed.
└ @ SciMLBase ~/.julia/packages/SciMLBase/89t7c/src/integrator_interface.jl:328
┌ Warning: Interrupted. Larger maxiters is needed.
└ @ SciMLBase ~/.julia/packages/SciMLBase/89t7c/src/integrator_interface.jl:328
┌ Warning: Interrupted. Larger maxiters is needed.
└ @ SciMLBase ~/.julia/packages/SciMLBase/89t7c/src/integrator_interface.jl:328
┌ Warning: Interrupted. Larger maxiters is needed.
└ @ SciMLBase ~/.julia/packages/SciMLBase/89t7c/src/integrator_interface.jl:328
┌ Warning: Interrupted. Larger maxiters is needed.
└ @ SciMLBase ~/.julia/packages/SciMLBase/89t7c/src/integrator_interface.jl:328
┌ Warning: Interrupted. Larger maxiters is needed.
└ @ SciMLBase ~/.julia/packages/SciMLBase/89t7c/src/integrator_interface.jl:328
┌ Warning: Interrupted. Larger maxiters is needed.
└ @ SciMLBase ~/.julia/packages/SciMLBase/89t7c/src/integrator_interface.jl:328
┌ Warning: Interrupted. Larger maxiters is needed.
└ @ SciMLBase ~/.julia/packages/SciMLBase/89t7c/src/integrator_interface.jl:328
