1.614193234129563e9
ERROR: LoadError: UndefVarError: σ1 not defined
Stacktrace:
 [1] #17 at /users/smith/anpo0771/.julia/packages/Cubature/5zwuu/src/Cubature.jl:215 [inlined]
 [2] disable_sigint(::Cubature.var"#17#18"{Bool,Bool,Int64,Float64,Int64,Int64,Int32,Int64,Array{Float64,1},Array{Float64,1},Array{Float64,1},Array{Float64,1},Cubature.IntegrandData{var"#rtn#6"{Int64,Int64}},Ptr{Nothing}}) at ./c.jl:446
 [3] cubature(::Bool, ::Bool, ::Bool, ::Bool, ::Int64, ::var"#rtn#6"{Int64,Int64}, ::Array{Float64,1}, ::Array{Float64,1}, ::Float64, ::Int64, ::Int64, ::Int32) at /users/smith/anpo0771/.julia/packages/Cubature/5zwuu/src/Cubature.jl:169
 [4] #hcubature#22 at /users/smith/anpo0771/.julia/packages/Cubature/5zwuu/src/Cubature.jl:230 [inlined]
 [5] cond_eval(::Int64, ::Int64) at /users/smith/anpo0771/repos/singlesite/elliptical_job.jl:103
 [6] #9 at ./array.jl:0 [inlined]
 [7] iterate at ./generator.jl:47 [inlined]
 [8] collect(::Base.Generator{StepRange{Int64,Int64},var"#9#12"{Int64}}) at ./array.jl:686
 [9] (::var"#7#10")(::Int64) at ./none:0
 [10] iterate at ./generator.jl:47 [inlined]
 [11] collect(::Base.Generator{StepRange{Int64,Int64},var"#7#10"}) at ./array.jl:686
 [12] top-level scope at /users/smith/anpo0771/repos/singlesite/elliptical_job.jl:108
 [13] include(::Function, ::Module, ::String) at ./Base.jl:380
 [14] include(::Module, ::String) at ./Base.jl:368
 [15] exec_options(::Base.JLOptions) at ./client.jl:296
 [16] _start() at ./client.jl:506
in expression starting at /users/smith/anpo0771/repos/singlesite/elliptical_job.jl:108
