1.625380540118562e9
[ Info: Defining absense of feature x86_64_xsavec.
[ Info: Defining absense of feature x86_64_mpx.
[ Info: Defining absense of feature x86_64_xsaves.
[ Info: Defining absense of feature x86_64_avx512vnni.
[ Info: Defining absense of feature x86_64_clwb.
[ Info: Defining absense of feature x86_64_avx512f.
[ Info: Defining absense of feature x86_64_pku.
[ Info: Defining absense of feature x86_64_avx512bw.
[ Info: Defining absense of feature x86_64_clflushopt.
[ Info: Defining absense of feature x86_64_avx512vl.
[ Info: Defining absense of feature x86_64_avx512cd.
[ Info: Defining presence of feature x86_64_rtm.
[ Info: Defining absense of feature x86_64_avx512dq.
[ Info: Defining CPU name.
[ Info: Redefining cache 2.
[ Info: Redefining cache 3.
ERROR: LoadError: type Array has no field data
Stacktrace:
 [1] getproperty(::Array{Complex{Float64},1}, ::Symbol) at ./Base.jl:33
 [2] (::var"#infidelity_polar#2"{var"#evaluator#5"{Ket{SpinBasis{1//2,Int64},Array{Complex{Float64},1}},Float64,Float64,Float64,Float64,StepRange{Int64,Int64}},typeof(gaussian_spin_profile)})(::Float64, ::Float64) at /users/smith/anpo0771/repos/singlesite/mwe2.jl:95
 [3] top-level scope at /users/smith/anpo0771/repos/singlesite/mwe2.jl:220
 [4] include(::Function, ::Module, ::String) at ./Base.jl:380
 [5] include(::Module, ::String) at ./Base.jl:368
 [6] exec_options(::Base.JLOptions) at ./client.jl:296
 [7] _start() at ./client.jl:506
in expression starting at /users/smith/anpo0771/repos/singlesite/mwe2.jl:220
Any[0.0014119777677702042, -1.0842514453632734e-7, -0.002588718437466644, 0.0, 0.0020241976064882495, 0.0, -0.0013347851805799059, 0.0, 0.0007628944895763696, 0.0, -0.00039152727245447865, 0.0, 0.00016317455596003163, 0.0, -5.41923681020876e-5, 0.0, 1.2712679660302014e-5, 0.0, -2.2605755403362198e-6, 0.0, 3.2143410390331844e-7]