1.626059730759683e9
Any[0.01187453548999764, 2.4076254058195536e-7, -0.022214715721189604, 0.0, 0.018273479487578646, 0.0, -0.013487760420986589, 0.0, 0.008703635421832718, 0.0, -0.005068953354897734, 0.0, 0.002801667412211192, 0.0, -0.001266060010495211, 0.0, 0.0004420289236704713, 0.0, -0.00011597708198884669, 0.0, 2.392204685608791e-5, 0.0, -3.192317826018285e-6, 0.0, 3.3932717793978696e-7, 0.0, -2.7570460229525212e-8, 0.0, 1.201340432875853e-9, 0.0, -1.6264754305628633e-11]1.626060659609278e9
928.8495950698853
[ Info: Defining absense of feature x86_64_prfchw.
[ Info: Defining absense of feature x86_64_bmi2.
[ Info: Defining absense of feature x86_64_xsavec.
[ Info: Defining absense of feature x86_64_mpx.
[ Info: Defining absense of feature x86_64_xsaves.
[ Info: Defining absense of feature x86_64_avx512vnni.
[ Info: Defining absense of feature x86_64_clwb.
[ Info: Defining absense of feature x86_64_avx512f.
[ Info: Defining absense of feature x86_64_pku.
[ Info: Defining absense of feature x86_64_rdseed.
[ Info: Defining absense of feature x86_64_avx512bw.
[ Info: Defining absense of feature x86_64_clflushopt.
[ Info: Defining absense of feature x86_64_avx512vl.
[ Info: Defining absense of feature x86_64_invpcid.
[ Info: Defining absense of feature x86_64_avx512cd.
[ Info: Defining absense of feature x86_64_fma.
[ Info: Defining absense of feature x86_64_bmi.
[ Info: Defining absense of feature x86_64_avx2.
[ Info: Defining absense of feature x86_64_lzcnt.
[ Info: Defining absense of feature x86_64_movbe.
[ Info: Defining absense of feature x86_64_avx512dq.
[ Info: Defining absense of feature x86_64_adx.
[ Info: Defining CPU name.
[ Info: Redefining cache 2.
[ Info: Redefining cache 3.
