1.625382040170965e9
Any[0.0001030503403183914, -1.0725678098922827e-8, -0.0001963694123236555, 0.0, 0.00016807590210905703, 0.0, -0.00012971812590435706, 0.0, 9.17130010592426e-5, 0.0, -5.760277980336744e-5, 0.0, 3.464430904631052e-5, 0.0, -1.877642040131709e-5, 0.0, 8.650663355919325e-6, 0.0, -3.046758612084012e-6, 0.0, 8.357614725489699e-7, 0.0, -1.5002435415949366e-7, 0.0, 2.0992392856555837e-8, 0.0, -2.224794077444176e-9, 0.0, 1.2343852626844327e-10, 0.0, -2.2306581975248384e-12]1.625382165113656e9
124.94269108772278
[ Info: Defining absense of feature x86_64_prfchw.
[ Info: Defining absense of feature x86_64_bmi2.
[ Info: Defining absense of feature x86_64_xsavec.
[ Info: Defining absense of feature x86_64_mpx.
[ Info: Defining absense of feature x86_64_xsaves.
[ Info: Defining absense of feature x86_64_avx512vnni.
[ Info: Defining absense of feature x86_64_clwb.
[ Info: Defining absense of feature x86_64_avx512f.
[ Info: Defining absense of feature x86_64_pku.
[ Info: Defining absense of feature x86_64_rdseed.
[ Info: Defining absense of feature x86_64_avx512bw.
[ Info: Defining absense of feature x86_64_clflushopt.
[ Info: Defining absense of feature x86_64_avx512vl.
[ Info: Defining absense of feature x86_64_invpcid.
[ Info: Defining absense of feature x86_64_avx512cd.
[ Info: Defining absense of feature x86_64_fma.
[ Info: Defining absense of feature x86_64_bmi.
[ Info: Defining absense of feature x86_64_avx2.
[ Info: Defining absense of feature x86_64_lzcnt.
[ Info: Defining absense of feature x86_64_movbe.
[ Info: Defining absense of feature x86_64_avx512dq.
[ Info: Defining absense of feature x86_64_adx.
[ Info: Defining CPU name.
[ Info: Redefining cache 2.
[ Info: Redefining cache 3.
