1.626059731226675e9
Any[0.010693682736710645, -4.619772231843283e-7, -0.020293473561862292, 0.0, 0.01717911133692691, 0.0, -0.013136843555106784, 0.0, 0.009093420591490303, 0.0, -0.005588682508114407, 0.0, 0.003319623964931587, 0.0, -0.0017275980889391676, 0.0, 0.000743858956112683, 0.0, -0.00024288355662748052, 0.0, 6.186516592515196e-5, 0.0, -1.0274243007568329e-5, 0.0, 1.3381322237157423e-6, 0.0, -1.323422183399324e-7, 0.0, 6.898615058936891e-9, 0.0, -1.1558261833852683e-10]1.626060724643306e9
993.4166309833527
[ Info: Defining absense of feature x86_64_prfchw.
[ Info: Defining absense of feature x86_64_bmi2.
[ Info: Defining absense of feature x86_64_xsavec.
[ Info: Defining absense of feature x86_64_mpx.
[ Info: Defining absense of feature x86_64_xsaves.
[ Info: Defining absense of feature x86_64_avx512vnni.
[ Info: Defining absense of feature x86_64_clwb.
[ Info: Defining absense of feature x86_64_avx512f.
[ Info: Defining absense of feature x86_64_pku.
[ Info: Defining absense of feature x86_64_rdseed.
[ Info: Defining absense of feature x86_64_avx512bw.
[ Info: Defining absense of feature x86_64_clflushopt.
[ Info: Defining absense of feature x86_64_avx512vl.
[ Info: Defining absense of feature x86_64_invpcid.
[ Info: Defining absense of feature x86_64_avx512cd.
[ Info: Defining absense of feature x86_64_fma.
[ Info: Defining absense of feature x86_64_bmi.
[ Info: Defining absense of feature x86_64_avx2.
[ Info: Defining absense of feature x86_64_lzcnt.
[ Info: Defining absense of feature x86_64_movbe.
[ Info: Defining absense of feature x86_64_avx512dq.
[ Info: Defining absense of feature x86_64_adx.
[ Info: Defining CPU name.
[ Info: Redefining cache 2.
[ Info: Redefining cache 3.
