1.625412154605903e9
Any[0.0013489493885568376, -8.126873453046248e-8, -0.002483890071001189, 0.0, 0.001974959247003111, 0.0, -0.0013486417040397098, 0.0, 0.0007954506618752147, 0.0, -0.0004266960112197506, 0.0, 0.00019506605208207076, 0.0, -7.068181903834039e-5, 0.0, 1.8467875948815067e-5, 0.0, -3.6438515555521644e-6, 0.0, 5.723135773629813e-7, 0.0, -5.778028943984932e-8, 0.0, 4.72482596641317e-9, 0.0, -2.97409705186146e-10, 0.0, 1.0230196793582166e-11, 0.0, -1.0542720579230306e-13]1.625412475313627e9
320.70772409439087
[ Info: Defining absense of feature x86_64_prfchw.
[ Info: Defining absense of feature x86_64_bmi2.
[ Info: Defining absense of feature x86_64_fsgsbase.
[ Info: Defining absense of feature x86_64_xsavec.
[ Info: Defining absense of feature x86_64_mpx.
[ Info: Defining absense of feature x86_64_aes.
[ Info: Defining absense of feature x86_64_xsaves.
[ Info: Defining absense of feature x86_64_avx512vnni.
[ Info: Defining absense of feature x86_64_clwb.
[ Info: Defining absense of feature x86_64_avx512f.
[ Info: Defining absense of feature x86_64_pku.
[ Info: Defining absense of feature x86_64_rdseed.
[ Info: Defining absense of feature x86_64_avx512bw.
[ Info: Defining absense of feature x86_64_clflushopt.
[ Info: Defining absense of feature x86_64_xsave.
[ Info: Defining absense of feature x86_64_avx512vl.
[ Info: Defining absense of feature x86_64_invpcid.
[ Info: Defining absense of feature x86_64_avx512cd.
[ Info: Defining absense of feature x86_64_avx.
[ Info: Defining absense of feature x86_64_fma.
[ Info: Defining absense of feature x86_64_bmi.
[ Info: Defining absense of feature x86_64_rdrnd.
[ Info: Defining absense of feature x86_64_avx2.
[ Info: Defining absense of feature x86_64_lzcnt.
[ Info: Defining absense of feature x86_64_pclmul.
[ Info: Defining absense of feature x86_64_f16c.
[ Info: Defining absense of feature x86_64_movbe.
[ Info: Defining absense of feature x86_64_xsaveopt.
[ Info: Defining absense of feature x86_64_avx512dq.
[ Info: Defining absense of feature x86_64_adx.
[ Info: Defining CPU name.
[ Info: Redefining cache 2.
[ Info: Redefining cache 3.
