1.625382380845116e9
Any[1.082117773422632e-5, -2.9529561551436015e-10, -2.0505410225812207e-5, 0.0, 1.729813052079766e-5, 0.0, -1.3186446841129789e-5, 0.0, 9.06150365229909e-6, 0.0, -5.532815617613815e-6, 0.0, 3.2696564853433145e-6, 0.0, -1.677898220628266e-6, 0.0, 7.064848193053638e-7, 0.0, -2.2514447963249137e-7, 0.0, 5.600810967073747e-8, 0.0, -9.074903449923132e-9, 0.0, 1.1552875998570885e-9, 0.0, -1.1177131282823575e-10, 0.0, 5.71133501514742e-12, 0.0, -9.342125144329899e-14]1.625383524218842e9
1143.3737261295319
[ Info: Defining absense of feature x86_64_prfchw.
[ Info: Defining absense of feature x86_64_bmi2.
[ Info: Defining absense of feature x86_64_fsgsbase.
[ Info: Defining absense of feature x86_64_xsavec.
[ Info: Defining absense of feature x86_64_mpx.
[ Info: Defining absense of feature x86_64_aes.
[ Info: Defining absense of feature x86_64_xsaves.
[ Info: Defining absense of feature x86_64_avx512vnni.
[ Info: Defining absense of feature x86_64_clwb.
[ Info: Defining absense of feature x86_64_avx512f.
[ Info: Defining absense of feature x86_64_pku.
[ Info: Defining absense of feature x86_64_rdseed.
[ Info: Defining absense of feature x86_64_avx512bw.
[ Info: Defining absense of feature x86_64_clflushopt.
[ Info: Defining absense of feature x86_64_xsave.
[ Info: Defining absense of feature x86_64_avx512vl.
[ Info: Defining absense of feature x86_64_invpcid.
[ Info: Defining absense of feature x86_64_avx512cd.
[ Info: Defining absense of feature x86_64_avx.
[ Info: Defining absense of feature x86_64_fma.
[ Info: Defining absense of feature x86_64_bmi.
[ Info: Defining absense of feature x86_64_rdrnd.
[ Info: Defining absense of feature x86_64_avx2.
[ Info: Defining absense of feature x86_64_lzcnt.
[ Info: Defining absense of feature x86_64_pclmul.
[ Info: Defining absense of feature x86_64_f16c.
[ Info: Defining absense of feature x86_64_movbe.
[ Info: Defining absense of feature x86_64_xsaveopt.
[ Info: Defining absense of feature x86_64_avx512dq.
[ Info: Defining absense of feature x86_64_adx.
[ Info: Defining CPU name.
[ Info: Redefining cache 2.
[ Info: Redefining cache 3.
