1.625382040177975e9
Any[9.595464305373889e-5, -2.2507187757008004e-8, -0.00018387913642901426, 0.0, 0.00016056079591700393, 0.0, -0.0001262506008067699, 0.0, 9.22428432773832e-5, 0.0, -6.076452904648498e-5, 0.0, 3.711488731378358e-5, 0.0, -2.1446796781287475e-5, 0.0, 1.1144170272272856e-5, 0.0, -4.54870402220994e-6, 0.0, 1.4464016686274256e-6, 0.0, -3.03809915493391e-7, 0.0, 4.910307159487385e-8, 0.0, -5.977409868430868e-9, 0.0, 3.754166739546372e-10, 0.0, -7.903894110837942e-12]1.625382165229024e9
125.05104899406433
[ Info: Defining absense of feature x86_64_prfchw.
[ Info: Defining absense of feature x86_64_bmi2.
[ Info: Defining absense of feature x86_64_xsavec.
[ Info: Defining absense of feature x86_64_mpx.
[ Info: Defining absense of feature x86_64_xsaves.
[ Info: Defining absense of feature x86_64_avx512vnni.
[ Info: Defining absense of feature x86_64_clwb.
[ Info: Defining absense of feature x86_64_avx512f.
[ Info: Defining absense of feature x86_64_pku.
[ Info: Defining absense of feature x86_64_rdseed.
[ Info: Defining absense of feature x86_64_avx512bw.
[ Info: Defining absense of feature x86_64_clflushopt.
[ Info: Defining absense of feature x86_64_avx512vl.
[ Info: Defining absense of feature x86_64_invpcid.
[ Info: Defining absense of feature x86_64_avx512cd.
[ Info: Defining absense of feature x86_64_fma.
[ Info: Defining absense of feature x86_64_bmi.
[ Info: Defining absense of feature x86_64_avx2.
[ Info: Defining absense of feature x86_64_lzcnt.
[ Info: Defining absense of feature x86_64_movbe.
[ Info: Defining absense of feature x86_64_avx512dq.
[ Info: Defining absense of feature x86_64_adx.
[ Info: Defining CPU name.
[ Info: Redefining cache 2.
[ Info: Redefining cache 3.
