1.626551735616166e9
[ Info: Defining absense of feature x86_64_xsavec.
[ Info: Defining absense of feature x86_64_mpx.
[ Info: Defining absense of feature x86_64_xsaves.
[ Info: Defining absense of feature x86_64_avx512vnni.
[ Info: Defining absense of feature x86_64_clwb.
[ Info: Defining absense of feature x86_64_avx512f.
[ Info: Defining absense of feature x86_64_pku.
[ Info: Defining absense of feature x86_64_avx512bw.
[ Info: Defining absense of feature x86_64_clflushopt.
[ Info: Defining absense of feature x86_64_avx512vl.
[ Info: Defining absense of feature x86_64_avx512cd.
[ Info: Defining presence of feature x86_64_rtm.
[ Info: Defining absense of feature x86_64_avx512dq.
[ Info: Defining CPU name.
[ Info: Redefining cache 2.
[ Info: Redefining cache 3.
┌ Warning: dt <= dtmin. Aborting. There is either an error in your model specification or the true solution is unstable.
└ @ SciMLBase ~/.julia/packages/SciMLBase/89t7c/src/integrator_interface.jl:342
ERROR: LoadError: BoundsError: attempt to access 0-element Array{Ket{SpinBasis{1//2,Int64},Array{Complex{Float64},1}},1} at index [0]
Stacktrace:
 [1] getindex at ./array.jl:809 [inlined]
 [2] last at ./abstractarray.jl:362 [inlined]
 [3] (::var"#evaluator#4"{Ket{SpinBasis{1//2,Int64},Array{Complex{Float64},1}},Array{Float64,1},Float64,Float64,Float64,SpinBasis{1//2,Int64},StepRange{Int64,Int64}})(::Float64, ::Float64) at /users/smith/anpo0771/repos/singlesite/mwe4.jl:138
 [4] (::var"#infidelity_polar#2"{var"#evaluator#4"{Ket{SpinBasis{1//2,Int64},Array{Complex{Float64},1}},Array{Float64,1},Float64,Float64,Float64,SpinBasis{1//2,Int64},StepRange{Int64,Int64}},typeof(gaussian_spin_profile)})(::Float64, ::Float64) at /users/smith/anpo0771/repos/singlesite/mwe4.jl:101
 [5] top-level scope at /users/smith/anpo0771/repos/singlesite/mwe4.jl:225
 [6] include(::Function, ::Module, ::String) at ./Base.jl:380
 [7] include(::Module, ::String) at ./Base.jl:368
 [8] exec_options(::Base.JLOptions) at ./client.jl:296
 [9] _start() at ./client.jl:506
in expression starting at /users/smith/anpo0771/repos/singlesite/mwe4.jl:225
