1.626394736869647e9
[ Info: Defining absense of feature x86_64_prfchw.
[ Info: Defining absense of feature x86_64_bmi2.
[ Info: Defining absense of feature x86_64_fsgsbase.
[ Info: Defining absense of feature x86_64_xsavec.
[ Info: Defining absense of feature x86_64_mpx.
[ Info: Defining absense of feature x86_64_aes.
[ Info: Defining absense of feature x86_64_xsaves.
[ Info: Defining absense of feature x86_64_avx512vnni.
[ Info: Defining absense of feature x86_64_clwb.
[ Info: Defining absense of feature x86_64_avx512f.
[ Info: Defining absense of feature x86_64_pku.
[ Info: Defining absense of feature x86_64_rdseed.
[ Info: Defining absense of feature x86_64_avx512bw.
[ Info: Defining absense of feature x86_64_clflushopt.
[ Info: Defining absense of feature x86_64_xsave.
[ Info: Defining absense of feature x86_64_avx512vl.
[ Info: Defining absense of feature x86_64_invpcid.
[ Info: Defining absense of feature x86_64_avx512cd.
[ Info: Defining absense of feature x86_64_avx.
[ Info: Defining absense of feature x86_64_fma.
[ Info: Defining absense of feature x86_64_bmi.
[ Info: Defining absense of feature x86_64_rdrnd.
[ Info: Defining absense of feature x86_64_avx2.
[ Info: Defining absense of feature x86_64_lzcnt.
[ Info: Defining absense of feature x86_64_pclmul.
[ Info: Defining absense of feature x86_64_f16c.
[ Info: Defining absense of feature x86_64_movbe.
[ Info: Defining absense of feature x86_64_xsaveopt.
[ Info: Defining absense of feature x86_64_avx512dq.
[ Info: Defining absense of feature x86_64_adx.
[ Info: Defining CPU name.
[ Info: Redefining cache 2.
[ Info: Redefining cache 3.
ERROR: LoadError: LoadError: ArgumentError: invalid base 10 digit 'E' in "10E-"
Stacktrace:
 [1] tryparse_internal(::Type{Int128}, ::String, ::Int64, ::Int64, ::Int64, ::Bool) at ./parse.jl:132
 [2] parse(::Type{Int128}, ::String; base::Nothing) at ./parse.jl:238
 [3] parse(::Type{Int128}, ::String) at ./parse.jl:238
 [4] @int128_str(::LineNumberNode, ::Module, ::Any) at ./int.jl:608
 [5] include(::Function, ::Module, ::String) at ./Base.jl:380
 [6] include(::Module, ::String) at ./Base.jl:368
 [7] exec_options(::Base.JLOptions) at ./client.jl:296
 [8] _start() at ./client.jl:506
in expression starting at <macrocall>:0
in expression starting at /users/smith/anpo0771/repos/singlesite/mwe3.jl:105
