1.626061604815772e9
Any[0.03525225574115165, 4.2253605843955485e-7, -0.04254345464478671, 0.0, 0.014807069991130547, 0.0, -0.0033677487262883097, 0.0, 0.0005159526813902118, 0.0, -5.452137801293321e-5, 0.0, 3.388751782863623e-6, 0.0, -2.272968830079655e-7, 0.0, 9.12809433189026e-9, 0.0, -2.929752982283278e-10, 0.0, 7.849449595790158e-12, 0.0, -1.3342222362466728e-13, 0.0, 1.928429367658541e-15, 0.0, -2.1898920698525127e-17, 0.0, 1.4394567167236687e-19, 0.0, -2.539117774253839e-22]1.626062499211246e9
894.3954739570618
[ Info: Defining absense of feature x86_64_prfchw.
[ Info: Defining absense of feature x86_64_bmi2.
[ Info: Defining absense of feature x86_64_xsavec.
[ Info: Defining absense of feature x86_64_mpx.
[ Info: Defining absense of feature x86_64_xsaves.
[ Info: Defining absense of feature x86_64_avx512vnni.
[ Info: Defining absense of feature x86_64_clwb.
[ Info: Defining absense of feature x86_64_avx512f.
[ Info: Defining absense of feature x86_64_pku.
[ Info: Defining absense of feature x86_64_rdseed.
[ Info: Defining absense of feature x86_64_avx512bw.
[ Info: Defining absense of feature x86_64_clflushopt.
[ Info: Defining absense of feature x86_64_avx512vl.
[ Info: Defining absense of feature x86_64_invpcid.
[ Info: Defining absense of feature x86_64_avx512cd.
[ Info: Defining absense of feature x86_64_fma.
[ Info: Defining absense of feature x86_64_bmi.
[ Info: Defining absense of feature x86_64_avx2.
[ Info: Defining absense of feature x86_64_lzcnt.
[ Info: Defining absense of feature x86_64_movbe.
[ Info: Defining absense of feature x86_64_avx512dq.
[ Info: Defining absense of feature x86_64_adx.
[ Info: Defining CPU name.
[ Info: Redefining cache 2.
[ Info: Redefining cache 3.
