1.62605835789728e9
[ Info: Defining absense of feature x86_64_xsavec.
[ Info: Defining absense of feature x86_64_mpx.
[ Info: Defining absense of feature x86_64_xsaves.
[ Info: Defining absense of feature x86_64_avx512vnni.
[ Info: Defining absense of feature x86_64_clwb.
[ Info: Defining absense of feature x86_64_avx512f.
[ Info: Defining absense of feature x86_64_pku.
[ Info: Defining absense of feature x86_64_avx512bw.
[ Info: Defining absense of feature x86_64_clflushopt.
[ Info: Defining absense of feature x86_64_avx512vl.
[ Info: Defining absense of feature x86_64_avx512cd.
[ Info: Defining presence of feature x86_64_rtm.
[ Info: Defining absense of feature x86_64_avx512dq.
[ Info: Defining CPU name.
[ Info: Redefining cache 2.
[ Info: Redefining cache 3.
ERROR: LoadError: MethodError: Cannot `convert` an object of type Array{BigFloat,1} to an object of type Complex{Float64}
Closest candidates are:
  convert(::Type{T}, !Matched::ArrayInterface.StaticInt{N}) where {T<:Number, N} at /users/smith/anpo0771/.julia/packages/ArrayInterface/UHmDX/src/static.jl:22
  convert(::Type{T}, !Matched::VectorizationBase.LazyMulAdd{M,O,I}) where {M, O, I, T<:Number} at /users/smith/anpo0771/.julia/packages/VectorizationBase/3ho1W/src/lazymul.jl:20
  convert(::Type{T}, !Matched::T) where T<:Number at number.jl:6
  ...
Stacktrace:
 [1] setindex!(::Array{Complex{Float64},1}, ::Array{BigFloat,1}, ::Int64) at ./array.jl:847
 [2] timeevolve(::Float64, ::Array{Complex{Float64},1}, ::var"#H#6"{Float64,Array{Any,1},Int64,Float64,Float64,Float64}; step::Float64) at /users/smith/anpo0771/repos/singlesite/mwe2.jl:102
 [3] timeevolve(::Float64, ::Array{Complex{Float64},1}, ::Function) at /users/smith/anpo0771/repos/singlesite/mwe2.jl:102
 [4] (::var"#evaluator#5"{Ket{SpinBasis{1//2,Int64},Array{Complex{Float64},1}},Float64,Float64,Float64,Float64,StepRange{Int64,Int64}})(::Float64, ::Float64) at /users/smith/anpo0771/repos/singlesite/mwe2.jl:135
 [5] (::var"#infidelity_polar#2"{var"#evaluator#5"{Ket{SpinBasis{1//2,Int64},Array{Complex{Float64},1}},Float64,Float64,Float64,Float64,StepRange{Int64,Int64}},typeof(gaussian_spin_profile)})(::Float64, ::Float64) at /users/smith/anpo0771/repos/singlesite/mwe2.jl:94
 [6] top-level scope at /users/smith/anpo0771/repos/singlesite/mwe2.jl:222
 [7] include(::Function, ::Module, ::String) at ./Base.jl:380
 [8] include(::Module, ::String) at ./Base.jl:368
 [9] exec_options(::Base.JLOptions) at ./client.jl:296
 [10] _start() at ./client.jl:506
in expression starting at /users/smith/anpo0771/repos/singlesite/mwe2.jl:222
Any[0.0017125293668930034, 3.0845532394862884e-8, -0.0030548819446819986, 0.0, 0.002146776905713312, 0.0, -0.0012250856801558777, 0.0, 0.0005960723363456326, 0.0, -0.0002339550541220179, 0.0, 6.364676872466213e-5, 0.0, -1.4778518985356602e-5, 0.0, 2.2740549881030616e-6, 0.0, -2.6978158883202386e-7, 0.0, 2.5996244494144068e-8, 0.0, -1.5996029422262596e-9, 0.0, 8.148360987821075e-11, 0.0, -3.2246344822948536e-12, 0.0, 7.151578718929986e-14, 0.0, -4.526881864341249e-16]