1.625413148423592e9
Any[0.003525225574115165, 4.2253605843955464e-8, -0.004254345464478672, 0.0, 0.0014807069991130545, 0.0, -0.00033677487262883093, 0.0, 5.159526813902118e-5, 0.0, -5.452137801293322e-6, 0.0, 3.3887517828636226e-7, 0.0, -2.272968830079655e-8, 0.0, 9.128094331890261e-10, 0.0, -2.9297529822832783e-11, 0.0, 7.849449595790158e-13, 0.0, -1.3342222362466729e-14, 0.0, 1.928429367658541e-16, 0.0, -2.1898920698525125e-18, 0.0, 1.4394567167236687e-20, 0.0, -2.539117774253839e-23]1.625413153145309e9
4.72171688079834
[ Info: Defining absense of feature x86_64_prfchw.
[ Info: Defining absense of feature x86_64_bmi2.
[ Info: Defining absense of feature x86_64_xsavec.
[ Info: Defining absense of feature x86_64_mpx.
[ Info: Defining absense of feature x86_64_xsaves.
[ Info: Defining absense of feature x86_64_avx512vnni.
[ Info: Defining absense of feature x86_64_clwb.
[ Info: Defining absense of feature x86_64_avx512f.
[ Info: Defining absense of feature x86_64_pku.
[ Info: Defining absense of feature x86_64_rdseed.
[ Info: Defining absense of feature x86_64_avx512bw.
[ Info: Defining absense of feature x86_64_clflushopt.
[ Info: Defining absense of feature x86_64_avx512vl.
[ Info: Defining absense of feature x86_64_invpcid.
[ Info: Defining absense of feature x86_64_avx512cd.
[ Info: Defining absense of feature x86_64_fma.
[ Info: Defining absense of feature x86_64_bmi.
[ Info: Defining absense of feature x86_64_avx2.
[ Info: Defining absense of feature x86_64_lzcnt.
[ Info: Defining absense of feature x86_64_movbe.
[ Info: Defining absense of feature x86_64_avx512dq.
[ Info: Defining absense of feature x86_64_adx.
[ Info: Defining CPU name.
[ Info: Redefining cache 2.
[ Info: Redefining cache 3.
