1.626461321567046e9
[ Info: Defining absense of feature x86_64_prfchw.
[ Info: Defining absense of feature x86_64_bmi2.
[ Info: Defining absense of feature x86_64_xsavec.
[ Info: Defining absense of feature x86_64_mpx.
[ Info: Defining absense of feature x86_64_xsaves.
[ Info: Defining absense of feature x86_64_avx512vnni.
[ Info: Defining absense of feature x86_64_clwb.
[ Info: Defining absense of feature x86_64_avx512f.
[ Info: Defining absense of feature x86_64_pku.
[ Info: Defining absense of feature x86_64_rdseed.
[ Info: Defining absense of feature x86_64_avx512bw.
[ Info: Defining absense of feature x86_64_clflushopt.
[ Info: Defining absense of feature x86_64_avx512vl.
[ Info: Defining absense of feature x86_64_invpcid.
[ Info: Defining absense of feature x86_64_avx512cd.
[ Info: Defining absense of feature x86_64_fma.
[ Info: Defining absense of feature x86_64_bmi.
[ Info: Defining absense of feature x86_64_avx2.
[ Info: Defining absense of feature x86_64_lzcnt.
[ Info: Defining absense of feature x86_64_movbe.
[ Info: Defining absense of feature x86_64_avx512dq.
[ Info: Defining absense of feature x86_64_adx.
[ Info: Defining CPU name.
[ Info: Redefining cache 2.
[ Info: Redefining cache 3.
ERROR: LoadError: UndefVarError: i not defined
Stacktrace:
 [1] sequential_exact_evolution_evaluator_factory(::Ket{SpinBasis{1//2,Int64},Array{Complex{Float64},1}}, ::Float64, ::Int64, ::Float64, ::Float64, ::Float64, ::SpinBasis{1//2,Int64}) at /users/smith/anpo0771/repos/singlesite/mwe3.jl:147
 [2] top-level scope at /users/smith/anpo0771/repos/singlesite/mwe3.jl:205
 [3] include(::Function, ::Module, ::String) at ./Base.jl:380
 [4] include(::Module, ::String) at ./Base.jl:368
 [5] exec_options(::Base.JLOptions) at ./client.jl:296
 [6] _start() at ./client.jl:506
in expression starting at /users/smith/anpo0771/repos/singlesite/mwe3.jl:205
