1.625382040277375e9
Any[0.00020528382517627592, 1.2350079430032877e-8, -0.00034650249439334614, 0.0, 0.00021509891457869473, 0.0, -0.0001056154782580139, 0.0, 4.098764087881991e-5, 0.0, -1.179348116327787e-5, 0.0, 2.175271995467111e-6, 0.0, -3.6922861910168477e-7, 0.0, 3.997043671578157e-8, 0.0, -3.379152753662271e-9, 0.0, 2.344176391819892e-10, 0.0, -1.0357182095575169e-11, 0.0, 3.827075772008962e-13, 0.0, -1.1033176969442471e-14, 0.0, 1.8042036959666798e-16, 0.0, -8.228649538488815e-19]1.625382166191823e9
125.91444802284241
[ Info: Defining absense of feature x86_64_prfchw.
[ Info: Defining absense of feature x86_64_bmi2.
[ Info: Defining absense of feature x86_64_xsavec.
[ Info: Defining absense of feature x86_64_mpx.
[ Info: Defining absense of feature x86_64_xsaves.
[ Info: Defining absense of feature x86_64_avx512vnni.
[ Info: Defining absense of feature x86_64_clwb.
[ Info: Defining absense of feature x86_64_avx512f.
[ Info: Defining absense of feature x86_64_pku.
[ Info: Defining absense of feature x86_64_rdseed.
[ Info: Defining absense of feature x86_64_avx512bw.
[ Info: Defining absense of feature x86_64_clflushopt.
[ Info: Defining absense of feature x86_64_avx512vl.
[ Info: Defining absense of feature x86_64_invpcid.
[ Info: Defining absense of feature x86_64_avx512cd.
[ Info: Defining absense of feature x86_64_fma.
[ Info: Defining absense of feature x86_64_bmi.
[ Info: Defining absense of feature x86_64_avx2.
[ Info: Defining absense of feature x86_64_lzcnt.
[ Info: Defining absense of feature x86_64_movbe.
[ Info: Defining absense of feature x86_64_avx512dq.
[ Info: Defining absense of feature x86_64_adx.
[ Info: Defining CPU name.
[ Info: Redefining cache 2.
[ Info: Redefining cache 3.
