1.625381692896306e9
Any[0.020528382517627605, 1.2350079430032875e-6, -0.03465024943933462, 0.0, 0.021509891457869468, 0.0, -0.010561547825801392, 0.0, 0.00409876408788199, 0.0, -0.001179348116327787, 0.0, 0.0002175271995467111, 0.0, -3.692286191016848e-5, 0.0, 3.997043671578157e-6, 0.0, -3.379152753662271e-7, 0.0, 2.344176391819892e-8, 0.0, -1.035718209557517e-9, 0.0, 3.827075772008962e-11, 0.0, -1.103317696944247e-12, 0.0, 1.8042036959666798e-14, 0.0, -8.228649538488815e-17]1.62538171477443e9
21.878123998641968
[ Info: Defining absense of feature x86_64_prfchw.
[ Info: Defining absense of feature x86_64_bmi2.
[ Info: Defining absense of feature x86_64_xsavec.
[ Info: Defining absense of feature x86_64_mpx.
[ Info: Defining absense of feature x86_64_xsaves.
[ Info: Defining absense of feature x86_64_avx512vnni.
[ Info: Defining absense of feature x86_64_clwb.
[ Info: Defining absense of feature x86_64_avx512f.
[ Info: Defining absense of feature x86_64_pku.
[ Info: Defining absense of feature x86_64_rdseed.
[ Info: Defining absense of feature x86_64_avx512bw.
[ Info: Defining absense of feature x86_64_clflushopt.
[ Info: Defining absense of feature x86_64_avx512vl.
[ Info: Defining absense of feature x86_64_invpcid.
[ Info: Defining absense of feature x86_64_avx512cd.
[ Info: Defining absense of feature x86_64_fma.
[ Info: Defining absense of feature x86_64_bmi.
[ Info: Defining absense of feature x86_64_avx2.
[ Info: Defining absense of feature x86_64_lzcnt.
[ Info: Defining absense of feature x86_64_movbe.
[ Info: Defining absense of feature x86_64_avx512dq.
[ Info: Defining absense of feature x86_64_adx.
[ Info: Defining CPU name.
[ Info: Redefining cache 2.
[ Info: Redefining cache 3.
