ERROR: LoadError: LoadError: syntax: invalid numeric constant "1.e-5."
Stacktrace:
 [1] top-level scope at /users/smith/anpo0771/.julia/packages/QuantumOptics/IPOQG/src/timeevolution_base.jl:60
 [2] include(::Function, ::Module, ::String) at ./Base.jl:380
 [3] include at ./Base.jl:368 [inlined]
 [4] include(::String) at /users/smith/anpo0771/.julia/packages/QuantumOptics/IPOQG/src/QuantumOptics.jl:17
 [5] top-level scope at /users/smith/anpo0771/.julia/packages/QuantumOptics/IPOQG/src/QuantumOptics.jl:20
 [6] include(::Function, ::Module, ::String) at ./Base.jl:380
 [7] include(::Module, ::String) at ./Base.jl:368
 [8] top-level scope at none:2
 [9] eval at ./boot.jl:331 [inlined]
 [10] eval(::Expr) at ./client.jl:467
 [11] top-level scope at ./none:3
in expression starting at /users/smith/anpo0771/.julia/packages/QuantumOptics/IPOQG/src/timeevolution_base.jl:60
in expression starting at /users/smith/anpo0771/.julia/packages/QuantumOptics/IPOQG/src/QuantumOptics.jl:20
ERROR: LoadError: Failed to precompile QuantumOptics [6e0679c1-51ea-5a7c-ac74-d61b76210b0c] to /users/smith/anpo0771/.julia/compiled/v1.5/QuantumOptics/gWeRI_FXqmT.ji.
Stacktrace:
 [1] error(::String) at ./error.jl:33
 [2] compilecache(::Base.PkgId, ::String) at ./loading.jl:1305
 [3] _require(::Base.PkgId) at ./loading.jl:1030
 [4] require(::Base.PkgId) at ./loading.jl:928
 [5] require(::Module, ::Symbol) at ./loading.jl:923
 [6] include(::Function, ::Module, ::String) at ./Base.jl:380
 [7] include(::Module, ::String) at ./Base.jl:368
 [8] exec_options(::Base.JLOptions) at ./client.jl:296
 [9] _start() at ./client.jl:506
in expression starting at /users/smith/anpo0771/repos/singlesite/elliptical_job.jl:2
