1.626496476522252e9
[ Info: Defining absense of feature x86_64_xsavec.
[ Info: Defining absense of feature x86_64_mpx.
[ Info: Defining absense of feature x86_64_xsaves.
[ Info: Defining absense of feature x86_64_avx512vnni.
[ Info: Defining absense of feature x86_64_clwb.
[ Info: Defining absense of feature x86_64_avx512f.
[ Info: Defining absense of feature x86_64_pku.
[ Info: Defining absense of feature x86_64_avx512bw.
[ Info: Defining absense of feature x86_64_clflushopt.
[ Info: Defining absense of feature x86_64_avx512vl.
[ Info: Defining absense of feature x86_64_avx512cd.
[ Info: Defining presence of feature x86_64_rtm.
[ Info: Defining absense of feature x86_64_avx512dq.
[ Info: Defining CPU name.
[ Info: Redefining cache 2.
[ Info: Redefining cache 3.
ERROR: LoadError: MethodError: no method matching cos(::Operator{SpinBasis{1//2,Int64},SpinBasis{1//2,Int64},SparseArrays.SparseMatrixCSC{Complex{Float64},Int64}})
Closest candidates are:
  cos(!Matched::Float16) at math.jl:1144
  cos(!Matched::Complex{Float16}) at math.jl:1145
  cos(!Matched::BigFloat) at mpfr.jl:727
  ...
Stacktrace:
 [1] timeevolve(::Float64, ::Array{Complex{Float64},1}, ::var"#H#5"{Float64,Float64,Int64,Int64,Float64,Float64,Float64,SpinBasis{1//2,Int64}}; step::Float64) at /users/smith/anpo0771/repos/singlesite/mwe6.jl:117
 [2] timeevolve(::Float64, ::Array{Complex{Float64},1}, ::Function) at /users/smith/anpo0771/repos/singlesite/mwe6.jl:109
 [3] (::var"#evaluator#4"{Ket{SpinBasis{1//2,Int64},Array{Complex{Float64},1}},Float64,Float64,Float64,SpinBasis{1//2,Int64},StepRange{Int64,Int64}})(::Float64, ::Float64) at /users/smith/anpo0771/repos/singlesite/mwe6.jl:135
 [4] (::var"#infidelity_polar#2"{var"#evaluator#4"{Ket{SpinBasis{1//2,Int64},Array{Complex{Float64},1}},Float64,Float64,Float64,SpinBasis{1//2,Int64},StepRange{Int64,Int64}},typeof(gaussian_spin_profile)})(::Float64, ::Float64) at /users/smith/anpo0771/repos/singlesite/mwe6.jl:101
 [5] top-level scope at /users/smith/anpo0771/repos/singlesite/mwe6.jl:222
 [6] include(::Function, ::Module, ::String) at ./Base.jl:380
 [7] include(::Module, ::String) at ./Base.jl:368
 [8] exec_options(::Base.JLOptions) at ./client.jl:296
 [9] _start() at ./client.jl:506
in expression starting at /users/smith/anpo0771/repos/singlesite/mwe6.jl:222
