1.626060674923655e9
Any[0.01779321767158707, 6.865251644394264e-7, -0.03144796574835357, 0.0, 0.021553831753373876, 0.0, -0.011954927980184878, 0.0, 0.00558154661189626, 0.0, -0.002058148925820911, 0.0, 0.0005152210670621708, 0.0, -0.00011188110809851779, 0.0, 1.5951597910900228e-5, 0.0, -1.758680863378388e-6, 0.0, 1.5787423746101813e-7, 0.0, -9.043913217687456e-9, 0.0, 4.2995762760238434e-10, 0.0, -1.5896275251753876e-11, 0.0, 3.303191225779018e-13, 0.0, -1.9482357761502825e-15]1.626061577793177e9
902.869521856308
[ Info: Defining absense of feature x86_64_prfchw.
[ Info: Defining absense of feature x86_64_bmi2.
[ Info: Defining absense of feature x86_64_xsavec.
[ Info: Defining absense of feature x86_64_mpx.
[ Info: Defining absense of feature x86_64_xsaves.
[ Info: Defining absense of feature x86_64_avx512vnni.
[ Info: Defining absense of feature x86_64_clwb.
[ Info: Defining absense of feature x86_64_avx512f.
[ Info: Defining absense of feature x86_64_pku.
[ Info: Defining absense of feature x86_64_rdseed.
[ Info: Defining absense of feature x86_64_avx512bw.
[ Info: Defining absense of feature x86_64_clflushopt.
[ Info: Defining absense of feature x86_64_avx512vl.
[ Info: Defining absense of feature x86_64_invpcid.
[ Info: Defining absense of feature x86_64_avx512cd.
[ Info: Defining absense of feature x86_64_fma.
[ Info: Defining absense of feature x86_64_bmi.
[ Info: Defining absense of feature x86_64_avx2.
[ Info: Defining absense of feature x86_64_lzcnt.
[ Info: Defining absense of feature x86_64_movbe.
[ Info: Defining absense of feature x86_64_avx512dq.
[ Info: Defining absense of feature x86_64_adx.
[ Info: Defining CPU name.
[ Info: Redefining cache 2.
[ Info: Redefining cache 3.
