1.625382041210357e9
Any[0.00020865888158624188, 1.2034776908155926e-8, -0.0003500010738042741, 0.0, 0.00021466846928228526, 0.0, -0.00010370795261220296, 0.0, 3.929317197942212e-5, 0.0, -1.0976583282129942e-5, 0.0, 1.955773237394827e-6, 0.0, -3.227651696759056e-7, 0.0, 3.387401945013345e-8, 0.0, -2.7791570100991333e-9, 0.0, 1.8724500359129325e-10, 0.0, -8.033318853145501e-12, 0.0, 2.8846075763858633e-13, 0.0, -8.083971838256543e-15, 0.0, 1.2862115807159495e-16, 0.0, -5.697700933809677e-19]1.625382172603549e9
131.3931920528412
[ Info: Defining absense of feature x86_64_prfchw.
[ Info: Defining absense of feature x86_64_bmi2.
[ Info: Defining absense of feature x86_64_fsgsbase.
[ Info: Defining absense of feature x86_64_xsavec.
[ Info: Defining absense of feature x86_64_mpx.
[ Info: Defining absense of feature x86_64_aes.
[ Info: Defining absense of feature x86_64_xsaves.
[ Info: Defining absense of feature x86_64_avx512vnni.
[ Info: Defining absense of feature x86_64_clwb.
[ Info: Defining absense of feature x86_64_avx512f.
[ Info: Defining absense of feature x86_64_pku.
[ Info: Defining absense of feature x86_64_rdseed.
[ Info: Defining absense of feature x86_64_avx512bw.
[ Info: Defining absense of feature x86_64_clflushopt.
[ Info: Defining absense of feature x86_64_xsave.
[ Info: Defining absense of feature x86_64_avx512vl.
[ Info: Defining absense of feature x86_64_invpcid.
[ Info: Defining absense of feature x86_64_avx512cd.
[ Info: Defining absense of feature x86_64_avx.
[ Info: Defining absense of feature x86_64_fma.
[ Info: Defining absense of feature x86_64_bmi.
[ Info: Defining absense of feature x86_64_rdrnd.
[ Info: Defining absense of feature x86_64_avx2.
[ Info: Defining absense of feature x86_64_lzcnt.
[ Info: Defining absense of feature x86_64_pclmul.
[ Info: Defining absense of feature x86_64_f16c.
[ Info: Defining absense of feature x86_64_movbe.
[ Info: Defining absense of feature x86_64_xsaveopt.
[ Info: Defining absense of feature x86_64_avx512dq.
[ Info: Defining absense of feature x86_64_adx.
[ Info: Defining CPU name.
[ Info: Redefining cache 2.
[ Info: Redefining cache 3.
