1.625381692793647e9
Any[0.017125293668930033, 3.084553239486287e-7, -0.030548819446819978, 0.0, 0.021467769057133122, 0.0, -0.012250856801558779, 0.0, 0.005960723363456326, 0.0, -0.002339550541220179, 0.0, 0.0006364676872466213, 0.0, -0.00014778518985356602, 0.0, 2.274054988103062e-5, 0.0, -2.6978158883202384e-6, 0.0, 2.599624449414407e-7, 0.0, -1.5996029422262596e-8, 0.0, 8.148360987821075e-10, 0.0, -3.224634482294854e-11, 0.0, 7.151578718929987e-13, 0.0, -4.526881864341249e-15]1.625381716267878e9
23.474231004714966
[ Info: Defining absense of feature x86_64_prfchw.
[ Info: Defining absense of feature x86_64_bmi2.
[ Info: Defining absense of feature x86_64_xsavec.
[ Info: Defining absense of feature x86_64_mpx.
[ Info: Defining absense of feature x86_64_xsaves.
[ Info: Defining absense of feature x86_64_avx512vnni.
[ Info: Defining absense of feature x86_64_clwb.
[ Info: Defining absense of feature x86_64_avx512f.
[ Info: Defining absense of feature x86_64_pku.
[ Info: Defining absense of feature x86_64_rdseed.
[ Info: Defining absense of feature x86_64_avx512bw.
[ Info: Defining absense of feature x86_64_clflushopt.
[ Info: Defining absense of feature x86_64_avx512vl.
[ Info: Defining absense of feature x86_64_invpcid.
[ Info: Defining absense of feature x86_64_avx512cd.
[ Info: Defining absense of feature x86_64_fma.
[ Info: Defining absense of feature x86_64_bmi.
[ Info: Defining absense of feature x86_64_avx2.
[ Info: Defining absense of feature x86_64_lzcnt.
[ Info: Defining absense of feature x86_64_movbe.
[ Info: Defining absense of feature x86_64_avx512dq.
[ Info: Defining absense of feature x86_64_adx.
[ Info: Defining CPU name.
[ Info: Redefining cache 2.
[ Info: Redefining cache 3.
