1.625382379826915e9
Any[1.0305034031839142e-5, -1.0725678098922828e-9, -1.9636941232365553e-5, 0.0, 1.68075902109057e-5, 0.0, -1.2971812590435703e-5, 0.0, 9.17130010592426e-6, 0.0, -5.760277980336745e-6, 0.0, 3.4644309046310524e-6, 0.0, -1.8776420401317088e-6, 0.0, 8.650663355919326e-7, 0.0, -3.046758612084012e-7, 0.0, 8.3576147254897e-8, 0.0, -1.5002435415949366e-8, 0.0, 2.0992392856555835e-9, 0.0, -2.224794077444176e-10, 0.0, 1.2343852626844326e-11, 0.0, -2.2306581975248387e-13]1.625383454488246e9
1074.6613309383392
[ Info: Defining absense of feature x86_64_prfchw.
[ Info: Defining absense of feature x86_64_bmi2.
[ Info: Defining absense of feature x86_64_xsavec.
[ Info: Defining absense of feature x86_64_mpx.
[ Info: Defining absense of feature x86_64_xsaves.
[ Info: Defining absense of feature x86_64_avx512vnni.
[ Info: Defining absense of feature x86_64_clwb.
[ Info: Defining absense of feature x86_64_avx512f.
[ Info: Defining absense of feature x86_64_pku.
[ Info: Defining absense of feature x86_64_rdseed.
[ Info: Defining absense of feature x86_64_avx512bw.
[ Info: Defining absense of feature x86_64_clflushopt.
[ Info: Defining absense of feature x86_64_avx512vl.
[ Info: Defining absense of feature x86_64_invpcid.
[ Info: Defining absense of feature x86_64_avx512cd.
[ Info: Defining absense of feature x86_64_fma.
[ Info: Defining absense of feature x86_64_bmi.
[ Info: Defining absense of feature x86_64_avx2.
[ Info: Defining absense of feature x86_64_lzcnt.
[ Info: Defining absense of feature x86_64_movbe.
[ Info: Defining absense of feature x86_64_avx512dq.
[ Info: Defining absense of feature x86_64_adx.
[ Info: Defining CPU name.
[ Info: Redefining cache 2.
[ Info: Redefining cache 3.
