1.625380540201566e9
[ Info: Defining absense of feature x86_64_xsavec.
[ Info: Defining absense of feature x86_64_mpx.
[ Info: Defining absense of feature x86_64_xsaves.
[ Info: Defining absense of feature x86_64_avx512vnni.
[ Info: Defining absense of feature x86_64_clwb.
[ Info: Defining absense of feature x86_64_avx512f.
[ Info: Defining absense of feature x86_64_pku.
[ Info: Defining absense of feature x86_64_avx512bw.
[ Info: Defining absense of feature x86_64_clflushopt.
[ Info: Defining absense of feature x86_64_avx512vl.
[ Info: Defining absense of feature x86_64_avx512cd.
[ Info: Defining presence of feature x86_64_rtm.
[ Info: Defining absense of feature x86_64_avx512dq.
[ Info: Defining CPU name.
[ Info: Redefining cache 2.
[ Info: Redefining cache 3.
ERROR: LoadError: type Array has no field data
Stacktrace:
 [1] getproperty(::Array{Complex{Float64},1}, ::Symbol) at ./Base.jl:33
 [2] (::var"#infidelity_polar#2"{var"#evaluator#5"{Ket{SpinBasis{1//2,Int64},Array{Complex{Float64},1}},Float64,Float64,Float64,Float64,StepRange{Int64,Int64}},typeof(gaussian_spin_profile)})(::Float64, ::Float64) at /users/smith/anpo0771/repos/singlesite/mwe2.jl:95
 [3] top-level scope at /users/smith/anpo0771/repos/singlesite/mwe2.jl:220
 [4] include(::Function, ::Module, ::String) at ./Base.jl:380
 [5] include(::Module, ::String) at ./Base.jl:368
 [6] exec_options(::Base.JLOptions) at ./client.jl:296
 [7] _start() at ./client.jl:506
in expression starting at /users/smith/anpo0771/repos/singlesite/mwe2.jl:220
Any[0.0009773578708454106, -1.9915993783816806e-7, -0.001870823802348013, 0.0, 0.0016257869744795124, 0.0, -0.0012717139964577753, 0.0, 0.0009223049912962644, 0.0, -0.0005997490686879938, 0.0, 0.00036501029058748813, 0.0, -0.00020784616640932355, 0.0, 0.00010485470701280329, 0.0, -4.118647100098372e-5, 0.0, 1.2595339625668464e-5]