1.625382381605634e9
Any[1.4053526210785882e-5, -1.0688922532252489e-9, -2.5776909661029095e-5, 0.0, 2.0194066992636522e-5, 0.0, -1.3365036877394808e-5, 0.0, 7.663744051631052e-6, 0.0, -3.95278831833533e-6, 0.0, 1.6637939339425636e-6, 0.0, -5.575794385703043e-7, 0.0, 1.3225281936930562e-7, 0.0, -2.3768774771169037e-8, 0.0, 3.414299228679976e-9, 0.0, -3.147658910720472e-10, 0.0, 2.3614512312571514e-11, 0.0, -1.3664550747190546e-12, 0.0, 4.344113356633259e-14, 0.0, -4.0949606025472306e-16]1.625383552693159e9
1171.0875251293182
[ Info: Defining absense of feature x86_64_prfchw.
[ Info: Defining absense of feature x86_64_bmi2.
[ Info: Defining absense of feature x86_64_fsgsbase.
[ Info: Defining absense of feature x86_64_xsavec.
[ Info: Defining absense of feature x86_64_mpx.
[ Info: Defining absense of feature x86_64_aes.
[ Info: Defining absense of feature x86_64_xsaves.
[ Info: Defining absense of feature x86_64_avx512vnni.
[ Info: Defining absense of feature x86_64_clwb.
[ Info: Defining absense of feature x86_64_avx512f.
[ Info: Defining absense of feature x86_64_pku.
[ Info: Defining absense of feature x86_64_rdseed.
[ Info: Defining absense of feature x86_64_avx512bw.
[ Info: Defining absense of feature x86_64_clflushopt.
[ Info: Defining absense of feature x86_64_xsave.
[ Info: Defining absense of feature x86_64_avx512vl.
[ Info: Defining absense of feature x86_64_invpcid.
[ Info: Defining absense of feature x86_64_avx512cd.
[ Info: Defining absense of feature x86_64_avx.
[ Info: Defining absense of feature x86_64_fma.
[ Info: Defining absense of feature x86_64_bmi.
[ Info: Defining absense of feature x86_64_rdrnd.
[ Info: Defining absense of feature x86_64_avx2.
[ Info: Defining absense of feature x86_64_lzcnt.
[ Info: Defining absense of feature x86_64_pclmul.
[ Info: Defining absense of feature x86_64_f16c.
[ Info: Defining absense of feature x86_64_movbe.
[ Info: Defining absense of feature x86_64_xsaveopt.
[ Info: Defining absense of feature x86_64_avx512dq.
[ Info: Defining absense of feature x86_64_adx.
[ Info: Defining CPU name.
[ Info: Redefining cache 2.
[ Info: Redefining cache 3.
