1.626058571578403e9
Any[0.0009773578708454106, -1.9915993783816806e-7, -0.001870823802348013, 0.0, 0.0016257869744795124, 0.0, -0.0012717139964577753, 0.0, 0.0009223049912962644, 0.0, -0.0005997490686879938, 0.0, 0.00036501029058748813, 0.0, -0.00020784616640932355, 0.0, 0.00010485470701280329, 0.0, -4.118647100098372e-5, 0.0, 1.2595339625668464e-5, 0.0, -2.537207738413456e-6, 0.0, 3.94669604777419e-7, 0.0, -4.630998411657952e-8, 0.0, 2.8148567168448476e-9, 0.0, -5.690063613437252e-11]1.626058658982242e9
87.40383911132812
[ Info: Defining absense of feature x86_64_prfchw.
[ Info: Defining absense of feature x86_64_bmi2.
[ Info: Defining absense of feature x86_64_xsavec.
[ Info: Defining absense of feature x86_64_mpx.
[ Info: Defining absense of feature x86_64_xsaves.
[ Info: Defining absense of feature x86_64_avx512vnni.
[ Info: Defining absense of feature x86_64_clwb.
[ Info: Defining absense of feature x86_64_avx512f.
[ Info: Defining absense of feature x86_64_pku.
[ Info: Defining absense of feature x86_64_rdseed.
[ Info: Defining absense of feature x86_64_avx512bw.
[ Info: Defining absense of feature x86_64_clflushopt.
[ Info: Defining absense of feature x86_64_avx512vl.
[ Info: Defining absense of feature x86_64_invpcid.
[ Info: Defining absense of feature x86_64_avx512cd.
[ Info: Defining absense of feature x86_64_fma.
[ Info: Defining absense of feature x86_64_bmi.
[ Info: Defining absense of feature x86_64_avx2.
[ Info: Defining absense of feature x86_64_lzcnt.
[ Info: Defining absense of feature x86_64_movbe.
[ Info: Defining absense of feature x86_64_avx512dq.
[ Info: Defining absense of feature x86_64_adx.
[ Info: Defining CPU name.
[ Info: Redefining cache 2.
[ Info: Redefining cache 3.
