1.626058236073736e9
[ Info: Defining absense of feature x86_64_xsavec.
[ Info: Defining absense of feature x86_64_mpx.
[ Info: Defining absense of feature x86_64_xsaves.
[ Info: Defining absense of feature x86_64_avx512vnni.
[ Info: Defining absense of feature x86_64_clwb.
[ Info: Defining absense of feature x86_64_avx512f.
[ Info: Defining absense of feature x86_64_pku.
[ Info: Defining absense of feature x86_64_avx512bw.
[ Info: Defining absense of feature x86_64_clflushopt.
[ Info: Defining absense of feature x86_64_avx512vl.
[ Info: Defining absense of feature x86_64_avx512cd.
[ Info: Defining presence of feature x86_64_rtm.
[ Info: Defining absense of feature x86_64_avx512dq.
[ Info: Defining CPU name.
[ Info: Redefining cache 2.
[ Info: Redefining cache 3.
ERROR: LoadError: MethodError: Cannot `convert` an object of type Array{BigFloat,1} to an object of type Complex{Float64}
Closest candidates are:
  convert(::Type{T}, !Matched::ArrayInterface.StaticInt{N}) where {T<:Number, N} at /users/smith/anpo0771/.julia/packages/ArrayInterface/UHmDX/src/static.jl:22
  convert(::Type{T}, !Matched::VectorizationBase.LazyMulAdd{M,O,I}) where {M, O, I, T<:Number} at /users/smith/anpo0771/.julia/packages/VectorizationBase/3ho1W/src/lazymul.jl:20
  convert(::Type{T}, !Matched::T) where T<:Number at number.jl:6
  ...
Stacktrace:
 [1] setindex!(::Array{Complex{Float64},1}, ::Array{BigFloat,1}, ::Int64) at ./array.jl:847
 [2] timeevolve(::Float64, ::Array{Complex{Float64},1}, ::var"#H#6"{Float64,Array{Any,1},Int64,Float64,Float64,Float64}; step::Float64) at /users/smith/anpo0771/repos/singlesite/mwe2.jl:102
 [3] timeevolve(::Float64, ::Array{Complex{Float64},1}, ::Function) at /users/smith/anpo0771/repos/singlesite/mwe2.jl:102
 [4] (::var"#evaluator#5"{Ket{SpinBasis{1//2,Int64},Array{Complex{Float64},1}},Float64,Float64,Float64,Float64,StepRange{Int64,Int64}})(::Float64, ::Float64) at /users/smith/anpo0771/repos/singlesite/mwe2.jl:135
 [5] (::var"#infidelity_polar#2"{var"#evaluator#5"{Ket{SpinBasis{1//2,Int64},Array{Complex{Float64},1}},Float64,Float64,Float64,Float64,StepRange{Int64,Int64}},typeof(gaussian_spin_profile)})(::Float64, ::Float64) at /users/smith/anpo0771/repos/singlesite/mwe2.jl:94
 [6] top-level scope at /users/smith/anpo0771/repos/singlesite/mwe2.jl:222
 [7] include(::Function, ::Module, ::String) at ./Base.jl:380
 [8] include(::Module, ::String) at ./Base.jl:368
 [9] exec_options(::Base.JLOptions) at ./client.jl:296
 [10] _start() at ./client.jl:506
in expression starting at /users/smith/anpo0771/repos/singlesite/mwe2.jl:222
Any[0.0033996109131745164, 2.4061454732674207e-8, -0.004242223731941045, 0.0, 0.001551983232547925, 0.0, -0.0003745314588657535, 0.0, 6.113938680805912e-5, 0.0, -6.889867058905241e-6, 0.0, 4.579173409214822e-7, 0.0, -3.26128774144357e-8, 0.0, 1.3942519082080561e-9, 0.0, -4.759290561289226e-11, 0.0, 1.3551789977296345e-12, 0.0, -2.4484886792171872e-14, 0.0, 3.759198547030427e-16, 0.0, -4.533284386503216e-18, 0.0, 3.161747921676778e-20, 0.0, -5.9269781668775e-23]