1.626058277278362e9
[ Info: Defining absense of feature x86_64_prfchw.
[ Info: Defining absense of feature x86_64_bmi2.
[ Info: Defining absense of feature x86_64_xsavec.
[ Info: Defining absense of feature x86_64_mpx.
[ Info: Defining absense of feature x86_64_xsaves.
[ Info: Defining absense of feature x86_64_avx512vnni.
[ Info: Defining absense of feature x86_64_clwb.
[ Info: Defining absense of feature x86_64_avx512f.
[ Info: Defining absense of feature x86_64_pku.
[ Info: Defining absense of feature x86_64_rdseed.
[ Info: Defining absense of feature x86_64_avx512bw.
[ Info: Defining absense of feature x86_64_clflushopt.
[ Info: Defining absense of feature x86_64_avx512vl.
[ Info: Defining absense of feature x86_64_invpcid.
[ Info: Defining absense of feature x86_64_avx512cd.
[ Info: Defining absense of feature x86_64_fma.
[ Info: Defining absense of feature x86_64_bmi.
[ Info: Defining absense of feature x86_64_avx2.
[ Info: Defining absense of feature x86_64_lzcnt.
[ Info: Defining absense of feature x86_64_movbe.
[ Info: Defining absense of feature x86_64_avx512dq.
[ Info: Defining absense of feature x86_64_adx.
[ Info: Defining CPU name.
[ Info: Redefining cache 2.
[ Info: Redefining cache 3.
ERROR: LoadError: MethodError: Cannot `convert` an object of type Array{BigFloat,1} to an object of type Complex{Float64}
Closest candidates are:
  convert(::Type{T}, !Matched::ArrayInterface.StaticInt{N}) where {T<:Number, N} at /users/smith/anpo0771/.julia/packages/ArrayInterface/UHmDX/src/static.jl:22
  convert(::Type{T}, !Matched::VectorizationBase.LazyMulAdd{M,O,I}) where {M, O, I, T<:Number} at /users/smith/anpo0771/.julia/packages/VectorizationBase/3ho1W/src/lazymul.jl:20
  convert(::Type{T}, !Matched::T) where T<:Number at number.jl:6
  ...
Stacktrace:
 [1] setindex!(::Array{Complex{Float64},1}, ::Array{BigFloat,1}, ::Int64) at ./array.jl:847
 [2] timeevolve(::Float64, ::Array{Complex{Float64},1}, ::var"#H#6"{Float64,Array{Any,1},Int64,Float64,Float64,Float64}; step::Float64) at /users/smith/anpo0771/repos/singlesite/mwe2.jl:102
 [3] timeevolve(::Float64, ::Array{Complex{Float64},1}, ::Function) at /users/smith/anpo0771/repos/singlesite/mwe2.jl:102
 [4] (::var"#evaluator#5"{Ket{SpinBasis{1//2,Int64},Array{Complex{Float64},1}},Float64,Float64,Float64,Float64,StepRange{Int64,Int64}})(::Float64, ::Float64) at /users/smith/anpo0771/repos/singlesite/mwe2.jl:135
 [5] (::var"#infidelity_polar#2"{var"#evaluator#5"{Ket{SpinBasis{1//2,Int64},Array{Complex{Float64},1}},Float64,Float64,Float64,Float64,StepRange{Int64,Int64}},typeof(gaussian_spin_profile)})(::Float64, ::Float64) at /users/smith/anpo0771/repos/singlesite/mwe2.jl:94
 [6] top-level scope at /users/smith/anpo0771/repos/singlesite/mwe2.jl:222
 [7] include(::Function, ::Module, ::String) at ./Base.jl:380
 [8] include(::Module, ::String) at ./Base.jl:368
 [9] exec_options(::Base.JLOptions) at ./client.jl:296
 [10] _start() at ./client.jl:506
in expression starting at /users/smith/anpo0771/repos/singlesite/mwe2.jl:222
Any[0.001779321767158707, 6.865251644394264e-8, -0.003144796574835357, 0.0, 0.0021553831753373873, 0.0, -0.0011954927980184884, 0.0, 0.0005581546611896258, 0.0, -0.00020581489258209108, 0.0, 5.1522106706217076e-5, 0.0, -1.118811080985178e-5, 0.0, 1.5951597910900228e-6, 0.0, -1.758680863378388e-7, 0.0, 1.5787423746101812e-8, 0.0, -9.043913217687457e-10, 0.0, 4.299576276023844e-11, 0.0, -1.5896275251753877e-12, 0.0, 3.303191225779018e-14, 0.0, -1.9482357761502822e-16]