1.626060670614671e9
Any[0.014053526210785885, -1.068892253225249e-6, -0.025776909661029086, 0.0, 0.020194066992636518, 0.0, -0.013365036877394806, 0.0, 0.0076637440516310485, 0.0, -0.00395278831833533, 0.0, 0.0016637939339425635, 0.0, -0.0005575794385703043, 0.0, 0.0001322528193693056, 0.0, -2.3768774771169035e-5, 0.0, 3.414299228679976e-6, 0.0, -3.147658910720471e-7, 0.0, 2.3614512312571516e-8, 0.0, -1.3664550747190547e-9, 0.0, 4.344113356633259e-11, 0.0, -4.0949606025472306e-13]1.626061550850271e9
880.2355999946594
[ Info: Defining absense of feature x86_64_prfchw.
[ Info: Defining absense of feature x86_64_bmi2.
[ Info: Defining absense of feature x86_64_xsavec.
[ Info: Defining absense of feature x86_64_mpx.
[ Info: Defining absense of feature x86_64_xsaves.
[ Info: Defining absense of feature x86_64_avx512vnni.
[ Info: Defining absense of feature x86_64_clwb.
[ Info: Defining absense of feature x86_64_avx512f.
[ Info: Defining absense of feature x86_64_pku.
[ Info: Defining absense of feature x86_64_rdseed.
[ Info: Defining absense of feature x86_64_avx512bw.
[ Info: Defining absense of feature x86_64_clflushopt.
[ Info: Defining absense of feature x86_64_avx512vl.
[ Info: Defining absense of feature x86_64_invpcid.
[ Info: Defining absense of feature x86_64_avx512cd.
[ Info: Defining absense of feature x86_64_fma.
[ Info: Defining absense of feature x86_64_bmi.
[ Info: Defining absense of feature x86_64_avx2.
[ Info: Defining absense of feature x86_64_lzcnt.
[ Info: Defining absense of feature x86_64_movbe.
[ Info: Defining absense of feature x86_64_avx512dq.
[ Info: Defining absense of feature x86_64_adx.
[ Info: Defining CPU name.
[ Info: Redefining cache 2.
[ Info: Redefining cache 3.
